Using pre-set license
Built from '2020.3/staging' branch; Version is '2020.3.13f1 (71691879b7f5) revision 7432472'; Using compiler version '192528614'; Build Type 'Release'
OS: 'Windows 10 Pro; OS build 19043.1165; Version 2009; 64bit' Language: 'es' Physical Memory: 16309 MB
BatchMode: 1, IsHumanControllingUs: 0, StartBugReporterOnCrash: 0, Is64bit: 1, IsPro: 0

 COMMAND LINE ARGUMENTS:
C:\Program Files\Unity\Hub\Editor\2020.3.13f1\Editor\Unity.exe
-adb2
-batchMode
-noUpm
-name
AssetImportWorker0
-projectPath
D:/repositorios/SuperTrack2/ARvuforia
-logFile
Logs/AssetImportWorker0.log
-srvPort
1444
Successfully changed project path to: D:/repositorios/SuperTrack2/ARvuforia
D:/repositorios/SuperTrack2/ARvuforia
Using Asset Import Pipeline V2.
Refreshing native plugins compatible for Editor in 53.93 ms, found 5 plugins.
Preloading 2 native plugins for Editor in 2.17 ms.
Initialize engine version: 2020.3.13f1 (71691879b7f5)
[Subsystems] Discovering subsystems at path C:/Program Files/Unity/Hub/Editor/2020.3.13f1/Editor/Data/Resources/UnitySubsystems
[Subsystems] Discovering subsystems at path D:/repositorios/SuperTrack2/ARvuforia/Assets
GfxDevice: creating device client; threaded=0
Direct3D:
    Version:  Direct3D 11.0 [level 11.1]
    Renderer: NVIDIA GeForce GTX 1650 SUPER (ID=0x2187)
    Vendor:   
    VRAM:     3955 MB
    Driver:   30.0.14.7196
Initialize mono
Mono path[0] = 'C:/Program Files/Unity/Hub/Editor/2020.3.13f1/Editor/Data/Managed'
Mono path[1] = 'C:/Program Files/Unity/Hub/Editor/2020.3.13f1/Editor/Data/MonoBleedingEdge/lib/mono/unityjit'
Mono config path = 'C:/Program Files/Unity/Hub/Editor/2020.3.13f1/Editor/Data/MonoBleedingEdge/etc'
Using monoOptions --debugger-agent=transport=dt_socket,embedding=1,server=y,suspend=n,address=127.0.0.1:56976
Begin MonoManager ReloadAssembly
Registering precompiled unity dll's ...
Register platform support module: C:/Program Files/Unity/Hub/Editor/2020.3.13f1/Editor/Data/PlaybackEngines/WindowsStandaloneSupport/UnityEditor.WindowsStandalone.Extensions.dll
Registered in 0.003013 seconds.
Native extension for WindowsStandalone target not found
Refreshing native plugins compatible for Editor in 38.91 ms, found 5 plugins.
Preloading 2 native plugins for Editor in 0.07 ms.
Mono: successfully reloaded assembly
- Completed reload, in  2.500 seconds
Platform modules already initialized, skipping
Registering precompiled user dll's ...
Registered in 0.008334 seconds.
Begin MonoManager ReloadAssembly
Native extension for WindowsStandalone target not found
Refreshing native plugins compatible for Editor in 0.67 ms, found 5 plugins.
Preloading 2 native plugins for Editor in 0.10 ms.
System.NullReferenceException: Object reference not set to an instance of an object
  at Vuforia.EditorClasses.ExtensionTypeProvider.GetVuforiaPackageAbsPath () [0x0004a] in <7c4f3822d44c4a1eb2b550537e3c0500>:0 
  at Vuforia.EditorClasses.ExtensionTypeProvider.IsPackageManager () [0x00000] in <7c4f3822d44c4a1eb2b550537e3c0500>:0 
  at Vuforia.EditorClasses.ExtensionTypeProvider.ResolvePluginType () [0x00009] in <7c4f3822d44c4a1eb2b550537e3c0500>:0 
  at Vuforia.EditorClasses.ExtensionTypeProvider.GetPluginType () [0x0000c] in <7c4f3822d44c4a1eb2b550537e3c0500>:0 
  at Vuforia.EditorClasses.VuforiaUtilities.IsVuforiaEnabledInPlayerSettings () [0x00000] in <7c4f3822d44c4a1eb2b550537e3c0500>:0 
  at VuforiaEnabledObserver..cctor () [0x00000] in <7c4f3822d44c4a1eb2b550537e3c0500>:0 
UnityEngine.StackTraceUtility:ExtractStackTrace ()
UnityEngine.DebugLogHandler:LogFormat (UnityEngine.LogType,UnityEngine.Object,string,object[])
UnityEngine.Logger:Log (UnityEngine.LogType,object)
UnityEngine.Debug:LogError (object)
UnityEditor.EditorAssemblies:ProcessInitializeOnLoadAttributes (System.Type[])

System.NullReferenceException: Object reference not set to an instance of an object
  at Vuforia.EditorClasses.ExtensionTypeProvider.GetVuforiaPackageAbsPath () [0x0004a] in <7c4f3822d44c4a1eb2b550537e3c0500>:0 
  at Vuforia.EditorClasses.ExtensionTypeProvider.IsPackageManager () [0x00000] in <7c4f3822d44c4a1eb2b550537e3c0500>:0 
  at Vuforia.EditorClasses.ExtensionTypeProvider.ResolvePluginType () [0x00009] in <7c4f3822d44c4a1eb2b550537e3c0500>:0 
  at Vuforia.EditorClasses.ExtensionTypeProvider.GetPluginType () [0x0000c] in <7c4f3822d44c4a1eb2b550537e3c0500>:0 
  at Vuforia.EditorClasses.VuforiaUtilities.IsVuforiaEnabledInPlayerSettings () [0x00000] in <7c4f3822d44c4a1eb2b550537e3c0500>:0 
  at Vuforia.EditorClasses.InitializeOnLoadVuforiaTaskRunner..cctor () [0x00015] in <7c4f3822d44c4a1eb2b550537e3c0500>:0 
UnityEngine.StackTraceUtility:ExtractStackTrace ()
UnityEngine.DebugLogHandler:LogFormat (UnityEngine.LogType,UnityEngine.Object,string,object[])
UnityEngine.Logger:Log (UnityEngine.LogType,object)
UnityEngine.Debug:LogError (object)
UnityEditor.EditorAssemblies:ProcessInitializeOnLoadAttributes (System.Type[])

Mono: successfully reloaded assembly
- Completed reload, in  1.347 seconds
Platform modules already initialized, skipping
========================================================================
Worker process is ready to serve import requests
Launched and connected shader compiler UnityShaderCompiler.exe after 0.05 seconds
Refreshing native plugins compatible for Editor in 0.54 ms, found 5 plugins.
Preloading 2 native plugins for Editor in 0.07 ms.
Unloading 1443 Unused Serialized files (Serialized files now loaded: 0)
System memory in use before: 69.3 MB.
System memory in use after: 69.3 MB.

Unloading 47 unused Assets to reduce memory usage. Loaded Objects now: 2142.
Total: 3.067700 ms (FindLiveObjects: 0.196700 ms CreateObjectMapping: 0.040100 ms MarkObjects: 2.718900 ms  DeleteObjects: 0.110500 ms)

AssetImportParameters requested are different than current active one (requested -> active):
  custom:framework-win-MediaFoundation: 216162199b28c13a410421893ffa2e32 -> 
  custom:video-decoder-ogg-theora: a1e56fd34408186e4bbccfd4996cb3dc -> 
  custom:container-muxer-webm: aa71ff27fc2769a1b78a27578f13a17b -> 
  custom:container-demuxer-webm: 4f35f7cbe854078d1ac9338744f61a02 -> 
  custom:container-demuxer-ogg: 62fdf1f143b41e24485cea50d1cbac27 -> 
  custom:video-encoder-webm-vp8: eb34c28f22e8b96e1ab97ce403110664 -> 
  custom:video-decoder-webm-vp8: 9c59270c3fd7afecdb556c50c9e8de78 -> 
  custom:audio-decoder-ogg-vorbis: bf7c407c2cedff20999df2af8eb42d56 -> 
  custom:audio-encoder-webm-vorbis: bf7c407c2cedff20999df2af8eb42d56 -> 
========================================================================
Received Import Request.
  path: Assets/AUTOS/R4/NewModels
  artifactKey: Guid(1b0fe07882cd7554791ce326f6ccff2f) Importer(815301076,1909f56bfc062723c751e8b465ee728b)
Start importing Assets/AUTOS/R4/NewModels using Guid(1b0fe07882cd7554791ce326f6ccff2f) Importer(815301076,1909f56bfc062723c751e8b465ee728b)  -> (artifact id: 'cd11ef3fc76725dea4209cd58f919232') in 0.023456 seconds 
  Import took 0.055058 seconds .

========================================================================
Received Import Request.
  Time since last request: 3.244969 seconds.
  path: Assets/AUTOS/R4/NewModels/R4_ONGAME.blend
  artifactKey: Guid(d9f0717aeb02e7e4b9c8e1fb748d0748) Importer(815301076,1909f56bfc062723c751e8b465ee728b)
Start importing Assets/AUTOS/R4/NewModels/R4_ONGAME.blend using Guid(d9f0717aeb02e7e4b9c8e1fb748d0748) Importer(815301076,1909f56bfc062723c751e8b465ee728b)  -> (artifact id: 'dde7938d0988ccc09718a987610b795b') in 0.624595 seconds 
  Import took 0.633510 seconds .

========================================================================
Received Import Request.
  Time since last request: 81.688300 seconds.
  path: Assets/AUTOS/R4/NewModels/Texturas
  artifactKey: Guid(439277669b6a02e4eb9f1b7cb9e4f84e) Importer(815301076,1909f56bfc062723c751e8b465ee728b)
Start importing Assets/AUTOS/R4/NewModels/Texturas using Guid(439277669b6a02e4eb9f1b7cb9e4f84e) Importer(815301076,1909f56bfc062723c751e8b465ee728b)  -> (artifact id: 'f54b1e2d33efd25f28487af3cce3e0a1') in 0.011044 seconds 
  Import took 0.016696 seconds .

========================================================================
Received Import Request.
  Time since last request: 0.000395 seconds.
  path: Assets/AUTOS/R4/NewModels/Texturas
  artifactKey: Guid(439277669b6a02e4eb9f1b7cb9e4f84e) Importer(815301076,1909f56bfc062723c751e8b465ee728b)
Start importing Assets/AUTOS/R4/NewModels/Texturas using Guid(439277669b6a02e4eb9f1b7cb9e4f84e) Importer(815301076,1909f56bfc062723c751e8b465ee728b)  -> (artifact id: 'f54b1e2d33efd25f28487af3cce3e0a1') in 0.003710 seconds 
  Import took 0.008445 seconds .

========================================================================
Received Import Request.
  Time since last request: 0.101448 seconds.
  path: Assets/AUTOS/R4/NewModels/Texturas/r4_basecolor.png
  artifactKey: Guid(abcb35b7d0710a0429afe7d91bd41434) Importer(815301076,1909f56bfc062723c751e8b465ee728b)
Start importing Assets/AUTOS/R4/NewModels/Texturas/r4_basecolor.png using Guid(abcb35b7d0710a0429afe7d91bd41434) Importer(815301076,1909f56bfc062723c751e8b465ee728b)  -> (artifact id: '1acad91e72477ac4c955cc90c8dd9c48') in 0.148705 seconds 
  Import took 0.151462 seconds .

========================================================================
Received Import Request.
  Time since last request: 0.000220 seconds.
  path: Assets/AUTOS/R4/NewModels/Texturas/r4_normal.png
  artifactKey: Guid(4c1c5713c3a22194ea7c254be7417875) Importer(815301076,1909f56bfc062723c751e8b465ee728b)
Start importing Assets/AUTOS/R4/NewModels/Texturas/r4_normal.png using Guid(4c1c5713c3a22194ea7c254be7417875) Importer(815301076,1909f56bfc062723c751e8b465ee728b)  -> (artifact id: 'f40072dd49d58b7219f7d00b2252766c') in 0.124062 seconds 
  Import took 0.126895 seconds .

========================================================================
Received Import Request.
  Time since last request: 481.627250 seconds.
  path: Assets/AUTOS/R4/Carroceria 1.mat
  artifactKey: Guid(36ca503993623ea47b75f65be7040abd) Importer(815301076,1909f56bfc062723c751e8b465ee728b)
Start importing Assets/AUTOS/R4/Carroceria 1.mat using Guid(36ca503993623ea47b75f65be7040abd) Importer(815301076,1909f56bfc062723c751e8b465ee728b)  -> (artifact id: 'c2f2d8473cf5439ca451822001ec871d') in 0.240386 seconds 
  Import took 0.243632 seconds .

========================================================================
Received Import Request.
  Time since last request: 0.000210 seconds.
  path: Assets/AUTOS/R4/Carroceria 3.mat
  artifactKey: Guid(974b677a20c36ef4ba42599244d7dae0) Importer(815301076,1909f56bfc062723c751e8b465ee728b)
Start importing Assets/AUTOS/R4/Carroceria 3.mat using Guid(974b677a20c36ef4ba42599244d7dae0) Importer(815301076,1909f56bfc062723c751e8b465ee728b)  -> (artifact id: '15d85d3609f459248172c2e1fb24e64e') in 0.177370 seconds 
  Import took 0.199347 seconds .

========================================================================
Received Import Request.
  Time since last request: 0.000201 seconds.
  path: Assets/AUTOS/R4/Carroceria 2.mat
  artifactKey: Guid(b8274ab8d54e6d947bcdcdf7e92b4979) Importer(815301076,1909f56bfc062723c751e8b465ee728b)
Start importing Assets/AUTOS/R4/Carroceria 2.mat using Guid(b8274ab8d54e6d947bcdcdf7e92b4979) Importer(815301076,1909f56bfc062723c751e8b465ee728b)  -> (artifact id: '71955eb709d179434500cb22a01cda65') in 0.146027 seconds 
  Import took 0.148982 seconds .

========================================================================
Received Import Request.
  Time since last request: 0.000189 seconds.
  path: Assets/AUTOS/R4/Carroceria.mat
  artifactKey: Guid(9a1bd7045be43a4448f528aa7bda9408) Importer(815301076,1909f56bfc062723c751e8b465ee728b)
Start importing Assets/AUTOS/R4/Carroceria.mat using Guid(9a1bd7045be43a4448f528aa7bda9408) Importer(815301076,1909f56bfc062723c751e8b465ee728b)  -> (artifact id: '4dbd30c78c57bba1a3293e7008284042') in 0.158407 seconds 
  Import took 0.161265 seconds .

========================================================================
Received Import Request.
  Time since last request: 0.000200 seconds.
  path: Assets/AUTOS/R4/Caucho.mat
  artifactKey: Guid(71ffbe2abe60fef4baad950b151c277b) Importer(815301076,1909f56bfc062723c751e8b465ee728b)
Start importing Assets/AUTOS/R4/Caucho.mat using Guid(71ffbe2abe60fef4baad950b151c277b) Importer(815301076,1909f56bfc062723c751e8b465ee728b)  -> (artifact id: '0acfac89a6013631ac47de7275037a63') in 0.162003 seconds 
  Import took 0.164667 seconds .

========================================================================
Received Prepare
Refreshing native plugins compatible for Editor in 9.71 ms, found 5 plugins.
Preloading 2 native plugins for Editor in 0.07 ms.
Unloading 40 Unused Serialized files (Serialized files now loaded: 0)
System memory in use before: 44.4 MB.
System memory in use after: 44.5 MB.

Unloading 40 unused Assets to reduce memory usage. Loaded Objects now: 2186.
Total: 3.174300 ms (FindLiveObjects: 0.211100 ms CreateObjectMapping: 0.039200 ms MarkObjects: 2.844300 ms  DeleteObjects: 0.078300 ms)

AssetImportParameters requested are different than current active one (requested -> active):
  custom:framework-win-MediaFoundation: 216162199b28c13a410421893ffa2e32 -> 
  custom:video-decoder-ogg-theora: a1e56fd34408186e4bbccfd4996cb3dc -> 
  custom:container-muxer-webm: aa71ff27fc2769a1b78a27578f13a17b -> 
  custom:container-demuxer-webm: 4f35f7cbe854078d1ac9338744f61a02 -> 
  custom:container-demuxer-ogg: 62fdf1f143b41e24485cea50d1cbac27 -> 
  custom:video-encoder-webm-vp8: eb34c28f22e8b96e1ab97ce403110664 -> 
  custom:video-decoder-webm-vp8: 9c59270c3fd7afecdb556c50c9e8de78 -> 
  custom:audio-decoder-ogg-vorbis: bf7c407c2cedff20999df2af8eb42d56 -> 
  custom:audio-encoder-webm-vorbis: bf7c407c2cedff20999df2af8eb42d56 -> 
========================================================================
Received Import Request.
  Time since last request: 173.683941 seconds.
  path: Assets/AUTOS/R4/Carroceria 4.mat
  artifactKey: Guid(2f934032d16a6f5418c4b4e47c22f5f4) Importer(815301076,1909f56bfc062723c751e8b465ee728b)
Start importing Assets/AUTOS/R4/Carroceria 4.mat using Guid(2f934032d16a6f5418c4b4e47c22f5f4) Importer(815301076,1909f56bfc062723c751e8b465ee728b)  -> (artifact id: '0ab39436623fc19066c1909365651050') in 0.141540 seconds 
  Import took 0.145556 seconds .

========================================================================
Received Import Request.
  Time since last request: 0.692539 seconds.
  path: Assets/AUTOS/R4/Carroceria 4.mat
  artifactKey: Guid(2f934032d16a6f5418c4b4e47c22f5f4) Importer(815301076,1909f56bfc062723c751e8b465ee728b)
Start importing Assets/AUTOS/R4/Carroceria 4.mat using Guid(2f934032d16a6f5418c4b4e47c22f5f4) Importer(815301076,1909f56bfc062723c751e8b465ee728b)  -> (artifact id: '0ab39436623fc19066c1909365651050') in 0.184696 seconds 
  Import took 0.192608 seconds .

========================================================================
Received Prepare
Refreshing native plugins compatible for Editor in 12.75 ms, found 5 plugins.
Preloading 2 native plugins for Editor in 0.07 ms.
Unloading 40 Unused Serialized files (Serialized files now loaded: 0)
System memory in use before: 44.4 MB.
System memory in use after: 44.5 MB.

Unloading 40 unused Assets to reduce memory usage. Loaded Objects now: 2186.
Total: 3.838700 ms (FindLiveObjects: 0.225300 ms CreateObjectMapping: 0.047600 ms MarkObjects: 3.483300 ms  DeleteObjects: 0.081100 ms)

AssetImportParameters requested are different than current active one (requested -> active):
  custom:framework-win-MediaFoundation: 216162199b28c13a410421893ffa2e32 -> 
  custom:video-decoder-ogg-theora: a1e56fd34408186e4bbccfd4996cb3dc -> 
  custom:container-muxer-webm: aa71ff27fc2769a1b78a27578f13a17b -> 
  custom:container-demuxer-webm: 4f35f7cbe854078d1ac9338744f61a02 -> 
  custom:container-demuxer-ogg: 62fdf1f143b41e24485cea50d1cbac27 -> 
  custom:video-encoder-webm-vp8: eb34c28f22e8b96e1ab97ce403110664 -> 
  custom:video-decoder-webm-vp8: 9c59270c3fd7afecdb556c50c9e8de78 -> 
  custom:audio-decoder-ogg-vorbis: bf7c407c2cedff20999df2af8eb42d56 -> 
  custom:audio-encoder-webm-vorbis: bf7c407c2cedff20999df2af8eb42d56 -> 
========================================================================
Received Prepare
Registering precompiled user dll's ...
Registered in 0.007822 seconds.
Begin MonoManager ReloadAssembly
Native extension for WindowsStandalone target not found
Refreshing native plugins compatible for Editor in 40.34 ms, found 5 plugins.
Preloading 2 native plugins for Editor in 0.08 ms.
System.NullReferenceException: Object reference not set to an instance of an object
  at Vuforia.EditorClasses.ExtensionTypeProvider.GetVuforiaPackageAbsPath () [0x0004a] in <7c4f3822d44c4a1eb2b550537e3c0500>:0 
  at Vuforia.EditorClasses.ExtensionTypeProvider.IsPackageManager () [0x00000] in <7c4f3822d44c4a1eb2b550537e3c0500>:0 
  at Vuforia.EditorClasses.ExtensionTypeProvider.ResolvePluginType () [0x00009] in <7c4f3822d44c4a1eb2b550537e3c0500>:0 
  at Vuforia.EditorClasses.ExtensionTypeProvider.GetPluginType () [0x0000c] in <7c4f3822d44c4a1eb2b550537e3c0500>:0 
  at Vuforia.EditorClasses.VuforiaUtilities.IsVuforiaEnabledInPlayerSettings () [0x00000] in <7c4f3822d44c4a1eb2b550537e3c0500>:0 
  at VuforiaEnabledObserver..cctor () [0x00000] in <7c4f3822d44c4a1eb2b550537e3c0500>:0 
UnityEngine.StackTraceUtility:ExtractStackTrace ()
UnityEngine.DebugLogHandler:LogFormat (UnityEngine.LogType,UnityEngine.Object,string,object[])
UnityEngine.Logger:Log (UnityEngine.LogType,object)
UnityEngine.Debug:LogError (object)
UnityEditor.EditorAssemblies:ProcessInitializeOnLoadAttributes (System.Type[])

System.NullReferenceException: Object reference not set to an instance of an object
  at Vuforia.EditorClasses.ExtensionTypeProvider.GetVuforiaPackageAbsPath () [0x0004a] in <7c4f3822d44c4a1eb2b550537e3c0500>:0 
  at Vuforia.EditorClasses.ExtensionTypeProvider.IsPackageManager () [0x00000] in <7c4f3822d44c4a1eb2b550537e3c0500>:0 
  at Vuforia.EditorClasses.ExtensionTypeProvider.ResolvePluginType () [0x00009] in <7c4f3822d44c4a1eb2b550537e3c0500>:0 
  at Vuforia.EditorClasses.ExtensionTypeProvider.GetPluginType () [0x0000c] in <7c4f3822d44c4a1eb2b550537e3c0500>:0 
  at Vuforia.EditorClasses.VuforiaUtilities.IsVuforiaEnabledInPlayerSettings () [0x00000] in <7c4f3822d44c4a1eb2b550537e3c0500>:0 
  at Vuforia.EditorClasses.InitializeOnLoadVuforiaTaskRunner..cctor () [0x00015] in <7c4f3822d44c4a1eb2b550537e3c0500>:0 
UnityEngine.StackTraceUtility:ExtractStackTrace ()
UnityEngine.DebugLogHandler:LogFormat (UnityEngine.LogType,UnityEngine.Object,string,object[])
UnityEngine.Logger:Log (UnityEngine.LogType,object)
UnityEngine.Debug:LogError (object)
UnityEditor.EditorAssemblies:ProcessInitializeOnLoadAttributes (System.Type[])

Mono: successfully reloaded assembly
- Completed reload, in  1.289 seconds
Platform modules already initialized, skipping
Switching build target platform(19) subTarget(0) extendedPlatform(0) -> platform(13) subTarget(589824) extendedPlatform(0)
Refreshing native plugins compatible for Editor in 0.69 ms, found 5 plugins.
Preloading 2 native plugins for Editor in 0.09 ms.
Unloading 1475 Unused Serialized files (Serialized files now loaded: 0)
System memory in use before: 73.8 MB.
System memory in use after: 73.9 MB.

Unloading 42 unused Assets to reduce memory usage. Loaded Objects now: 2234.
Total: 3.926200 ms (FindLiveObjects: 0.248100 ms CreateObjectMapping: 0.083000 ms MarkObjects: 3.326700 ms  DeleteObjects: 0.266500 ms)

AssetImportParameters requested are different than current active one (requested -> active):
  custom:framework-win-MediaFoundation: 216162199b28c13a410421893ffa2e32 -> 
  custom:video-decoder-ogg-theora: a1e56fd34408186e4bbccfd4996cb3dc -> 
  custom:container-muxer-webm: aa71ff27fc2769a1b78a27578f13a17b -> 
  custom:container-demuxer-webm: 4f35f7cbe854078d1ac9338744f61a02 -> 
  custom:container-demuxer-ogg: 62fdf1f143b41e24485cea50d1cbac27 -> 
  custom:video-encoder-webm-vp8: eb34c28f22e8b96e1ab97ce403110664 -> 
  custom:video-decoder-webm-vp8: 9c59270c3fd7afecdb556c50c9e8de78 -> 
  custom:graphics/normal-map-encoding: 01000000000000000000000000000000 -> 02000000000000000000000000000000
  custom:audio-decoder-ogg-vorbis: bf7c407c2cedff20999df2af8eb42d56 -> 
  custom:audio-encoder-webm-vorbis: bf7c407c2cedff20999df2af8eb42d56 -> 
========================================================================
Received Import Request.
  Time since last request: 462.173418 seconds.
  path: Assets/AUTOS/R4/r4_basecolor.png
  artifactKey: Guid(abcb35b7d0710a0429afe7d91bd41434) Importer(815301076,1909f56bfc062723c751e8b465ee728b)
Start importing Assets/AUTOS/R4/r4_basecolor.png using Guid(abcb35b7d0710a0429afe7d91bd41434) Importer(815301076,1909f56bfc062723c751e8b465ee728b)  -> (artifact id: 'cb7d9d76e7dc6e733be666f40f679a30') in 0.111113 seconds 
  Import took 0.114877 seconds .

========================================================================
Received Import Request.
  Time since last request: 0.000254 seconds.
  path: Assets/AUTOS/R4/r4_normal.png
  artifactKey: Guid(4c1c5713c3a22194ea7c254be7417875) Importer(815301076,1909f56bfc062723c751e8b465ee728b)
Start importing Assets/AUTOS/R4/r4_normal.png using Guid(4c1c5713c3a22194ea7c254be7417875) Importer(815301076,1909f56bfc062723c751e8b465ee728b)  -> (artifact id: '316e8e5dc8847f65d8d5a4e3e41d2d98') in 0.078169 seconds 
  Import took 0.080956 seconds .

========================================================================
Received Prepare
Refreshing native plugins compatible for Editor in 9.46 ms, found 5 plugins.
Preloading 2 native plugins for Editor in 0.07 ms.
Unloading 40 Unused Serialized files (Serialized files now loaded: 0)
System memory in use before: 46.0 MB.
System memory in use after: 46.1 MB.

Unloading 40 unused Assets to reduce memory usage. Loaded Objects now: 2234.
Total: 3.783700 ms (FindLiveObjects: 0.236800 ms CreateObjectMapping: 0.040700 ms MarkObjects: 3.415900 ms  DeleteObjects: 0.088600 ms)

AssetImportParameters requested are different than current active one (requested -> active):
  custom:framework-win-MediaFoundation: 216162199b28c13a410421893ffa2e32 -> 
  custom:video-decoder-ogg-theora: a1e56fd34408186e4bbccfd4996cb3dc -> 
  custom:container-muxer-webm: aa71ff27fc2769a1b78a27578f13a17b -> 
  custom:container-demuxer-webm: 4f35f7cbe854078d1ac9338744f61a02 -> 
  custom:container-demuxer-ogg: 62fdf1f143b41e24485cea50d1cbac27 -> 
  custom:video-encoder-webm-vp8: eb34c28f22e8b96e1ab97ce403110664 -> 
  custom:video-decoder-webm-vp8: 9c59270c3fd7afecdb556c50c9e8de78 -> 
  custom:audio-decoder-ogg-vorbis: bf7c407c2cedff20999df2af8eb42d56 -> 
  custom:audio-encoder-webm-vorbis: bf7c407c2cedff20999df2af8eb42d56 -> 
========================================================================
Received Prepare
Refreshing native plugins compatible for Editor in 8.57 ms, found 5 plugins.
Preloading 2 native plugins for Editor in 0.06 ms.
Unloading 40 Unused Serialized files (Serialized files now loaded: 0)
System memory in use before: 46.0 MB.
System memory in use after: 46.1 MB.

Unloading 40 unused Assets to reduce memory usage. Loaded Objects now: 2234.
Total: 4.380300 ms (FindLiveObjects: 0.229800 ms CreateObjectMapping: 0.049500 ms MarkObjects: 4.013800 ms  DeleteObjects: 0.085800 ms)

AssetImportParameters requested are different than current active one (requested -> active):
  custom:framework-win-MediaFoundation: 216162199b28c13a410421893ffa2e32 -> 
  custom:video-decoder-ogg-theora: a1e56fd34408186e4bbccfd4996cb3dc -> 
  custom:container-muxer-webm: aa71ff27fc2769a1b78a27578f13a17b -> 
  custom:container-demuxer-webm: 4f35f7cbe854078d1ac9338744f61a02 -> 
  custom:container-demuxer-ogg: 62fdf1f143b41e24485cea50d1cbac27 -> 
  custom:video-encoder-webm-vp8: eb34c28f22e8b96e1ab97ce403110664 -> 
  custom:video-decoder-webm-vp8: 9c59270c3fd7afecdb556c50c9e8de78 -> 
  custom:audio-decoder-ogg-vorbis: bf7c407c2cedff20999df2af8eb42d56 -> 
  custom:audio-encoder-webm-vorbis: bf7c407c2cedff20999df2af8eb42d56 -> 
========================================================================
Received Import Request.
  Time since last request: 918.806468 seconds.
  path: Assets/AUTOS/R4/CambioColor.cs
  artifactKey: Guid(736210e6997aad148b338bfb4a7a028c) Importer(815301076,1909f56bfc062723c751e8b465ee728b)
Start importing Assets/AUTOS/R4/CambioColor.cs using Guid(736210e6997aad148b338bfb4a7a028c) Importer(815301076,1909f56bfc062723c751e8b465ee728b)  -> (artifact id: '0efe781407bfd96afe9c4a00e6611a28') in 0.015169 seconds 
  Import took 0.018413 seconds .

========================================================================
Received Import Request.
  Time since last request: 0.006835 seconds.
  path: Assets/AUTOS/R4/CambioColor.cs
  artifactKey: Guid(736210e6997aad148b338bfb4a7a028c) Importer(815301076,1909f56bfc062723c751e8b465ee728b)
Start importing Assets/AUTOS/R4/CambioColor.cs using Guid(736210e6997aad148b338bfb4a7a028c) Importer(815301076,1909f56bfc062723c751e8b465ee728b)  -> (artifact id: '0efe781407bfd96afe9c4a00e6611a28') in 0.002387 seconds 
  Import took 0.006638 seconds .

========================================================================
Received Prepare
Registering precompiled user dll's ...
Registered in 0.008330 seconds.
Begin MonoManager ReloadAssembly
Native extension for WindowsStandalone target not found
Refreshing native plugins compatible for Editor in 1.71 ms, found 5 plugins.
Preloading 2 native plugins for Editor in 0.09 ms.
System.NullReferenceException: Object reference not set to an instance of an object
  at Vuforia.EditorClasses.ExtensionTypeProvider.GetVuforiaPackageAbsPath () [0x0004a] in <7c4f3822d44c4a1eb2b550537e3c0500>:0 
  at Vuforia.EditorClasses.ExtensionTypeProvider.IsPackageManager () [0x00000] in <7c4f3822d44c4a1eb2b550537e3c0500>:0 
  at Vuforia.EditorClasses.ExtensionTypeProvider.ResolvePluginType () [0x00009] in <7c4f3822d44c4a1eb2b550537e3c0500>:0 
  at Vuforia.EditorClasses.ExtensionTypeProvider.GetPluginType () [0x0000c] in <7c4f3822d44c4a1eb2b550537e3c0500>:0 
  at Vuforia.EditorClasses.VuforiaUtilities.IsVuforiaEnabledInPlayerSettings () [0x00000] in <7c4f3822d44c4a1eb2b550537e3c0500>:0 
  at VuforiaEnabledObserver..cctor () [0x00000] in <7c4f3822d44c4a1eb2b550537e3c0500>:0 
UnityEngine.StackTraceUtility:ExtractStackTrace ()
UnityEngine.DebugLogHandler:LogFormat (UnityEngine.LogType,UnityEngine.Object,string,object[])
UnityEngine.Logger:Log (UnityEngine.LogType,object)
UnityEngine.Debug:LogError (object)
UnityEditor.EditorAssemblies:ProcessInitializeOnLoadAttributes (System.Type[])

System.NullReferenceException: Object reference not set to an instance of an object
  at Vuforia.EditorClasses.ExtensionTypeProvider.GetVuforiaPackageAbsPath () [0x0004a] in <7c4f3822d44c4a1eb2b550537e3c0500>:0 
  at Vuforia.EditorClasses.ExtensionTypeProvider.IsPackageManager () [0x00000] in <7c4f3822d44c4a1eb2b550537e3c0500>:0 
  at Vuforia.EditorClasses.ExtensionTypeProvider.ResolvePluginType () [0x00009] in <7c4f3822d44c4a1eb2b550537e3c0500>:0 
  at Vuforia.EditorClasses.ExtensionTypeProvider.GetPluginType () [0x0000c] in <7c4f3822d44c4a1eb2b550537e3c0500>:0 
  at Vuforia.EditorClasses.VuforiaUtilities.IsVuforiaEnabledInPlayerSettings () [0x00000] in <7c4f3822d44c4a1eb2b550537e3c0500>:0 
  at Vuforia.EditorClasses.InitializeOnLoadVuforiaTaskRunner..cctor () [0x00015] in <7c4f3822d44c4a1eb2b550537e3c0500>:0 
UnityEngine.StackTraceUtility:ExtractStackTrace ()
UnityEngine.DebugLogHandler:LogFormat (UnityEngine.LogType,UnityEngine.Object,string,object[])
UnityEngine.Logger:Log (UnityEngine.LogType,object)
UnityEngine.Debug:LogError (object)
UnityEditor.EditorAssemblies:ProcessInitializeOnLoadAttributes (System.Type[])

Mono: successfully reloaded assembly
- Completed reload, in  1.273 seconds
Platform modules already initialized, skipping
Switching build target platform(19) subTarget(0) extendedPlatform(0) -> platform(13) subTarget(589824) extendedPlatform(0)
Refreshing native plugins compatible for Editor in 0.60 ms, found 5 plugins.
Preloading 2 native plugins for Editor in 0.07 ms.
Unloading 1475 Unused Serialized files (Serialized files now loaded: 0)
System memory in use before: 74.3 MB.
System memory in use after: 74.4 MB.

Unloading 42 unused Assets to reduce memory usage. Loaded Objects now: 2237.
Total: 2.378300 ms (FindLiveObjects: 0.209900 ms CreateObjectMapping: 0.047900 ms MarkObjects: 2.047400 ms  DeleteObjects: 0.071300 ms)

AssetImportParameters requested are different than current active one (requested -> active):
  custom:framework-win-MediaFoundation: 216162199b28c13a410421893ffa2e32 -> 
  custom:video-decoder-ogg-theora: a1e56fd34408186e4bbccfd4996cb3dc -> 
  custom:container-muxer-webm: aa71ff27fc2769a1b78a27578f13a17b -> 
  custom:container-demuxer-webm: 4f35f7cbe854078d1ac9338744f61a02 -> 
  custom:container-demuxer-ogg: 62fdf1f143b41e24485cea50d1cbac27 -> 
  custom:video-encoder-webm-vp8: eb34c28f22e8b96e1ab97ce403110664 -> 
  custom:video-decoder-webm-vp8: 9c59270c3fd7afecdb556c50c9e8de78 -> 
  custom:graphics/normal-map-encoding: 01000000000000000000000000000000 -> 02000000000000000000000000000000
  custom:audio-decoder-ogg-vorbis: bf7c407c2cedff20999df2af8eb42d56 -> 
  custom:audio-encoder-webm-vorbis: bf7c407c2cedff20999df2af8eb42d56 -> 
========================================================================
Received Import Request.
  Time since last request: 169.124630 seconds.
  path: Assets/AUTOS/R4/CambioColor.cs
  artifactKey: Guid(736210e6997aad148b338bfb4a7a028c) Importer(815301076,1909f56bfc062723c751e8b465ee728b)
Start importing Assets/AUTOS/R4/CambioColor.cs using Guid(736210e6997aad148b338bfb4a7a028c) Importer(815301076,1909f56bfc062723c751e8b465ee728b)  -> (artifact id: '6814999934859e48840e317f462e8f51') in 0.005463 seconds 
  Import took 0.008347 seconds .

========================================================================
Received Prepare
Refreshing native plugins compatible for Editor in 11.98 ms, found 5 plugins.
Preloading 2 native plugins for Editor in 0.07 ms.
Unloading 40 Unused Serialized files (Serialized files now loaded: 0)
System memory in use before: 46.0 MB.
System memory in use after: 46.1 MB.

Unloading 40 unused Assets to reduce memory usage. Loaded Objects now: 2237.
Total: 3.136400 ms (FindLiveObjects: 0.196100 ms CreateObjectMapping: 0.039800 ms MarkObjects: 2.827000 ms  DeleteObjects: 0.072200 ms)

AssetImportParameters requested are different than current active one (requested -> active):
  custom:framework-win-MediaFoundation: 216162199b28c13a410421893ffa2e32 -> 
  custom:video-decoder-ogg-theora: a1e56fd34408186e4bbccfd4996cb3dc -> 
  custom:container-muxer-webm: aa71ff27fc2769a1b78a27578f13a17b -> 
  custom:container-demuxer-webm: 4f35f7cbe854078d1ac9338744f61a02 -> 
  custom:container-demuxer-ogg: 62fdf1f143b41e24485cea50d1cbac27 -> 
  custom:video-encoder-webm-vp8: eb34c28f22e8b96e1ab97ce403110664 -> 
  custom:video-decoder-webm-vp8: 9c59270c3fd7afecdb556c50c9e8de78 -> 
  custom:audio-decoder-ogg-vorbis: bf7c407c2cedff20999df2af8eb42d56 -> 
  custom:audio-encoder-webm-vorbis: bf7c407c2cedff20999df2af8eb42d56 -> 
========================================================================
Received Prepare
Registering precompiled user dll's ...
Registered in 0.009102 seconds.
Begin MonoManager ReloadAssembly
Native extension for WindowsStandalone target not found
Refreshing native plugins compatible for Editor in 0.61 ms, found 5 plugins.
Preloading 2 native plugins for Editor in 0.09 ms.
System.NullReferenceException: Object reference not set to an instance of an object
  at Vuforia.EditorClasses.ExtensionTypeProvider.GetVuforiaPackageAbsPath () [0x0004a] in <7c4f3822d44c4a1eb2b550537e3c0500>:0 
  at Vuforia.EditorClasses.ExtensionTypeProvider.IsPackageManager () [0x00000] in <7c4f3822d44c4a1eb2b550537e3c0500>:0 
  at Vuforia.EditorClasses.ExtensionTypeProvider.ResolvePluginType () [0x00009] in <7c4f3822d44c4a1eb2b550537e3c0500>:0 
  at Vuforia.EditorClasses.ExtensionTypeProvider.GetPluginType () [0x0000c] in <7c4f3822d44c4a1eb2b550537e3c0500>:0 
  at Vuforia.EditorClasses.VuforiaUtilities.IsVuforiaEnabledInPlayerSettings () [0x00000] in <7c4f3822d44c4a1eb2b550537e3c0500>:0 
  at VuforiaEnabledObserver..cctor () [0x00000] in <7c4f3822d44c4a1eb2b550537e3c0500>:0 
UnityEngine.StackTraceUtility:ExtractStackTrace ()
UnityEngine.DebugLogHandler:LogFormat (UnityEngine.LogType,UnityEngine.Object,string,object[])
UnityEngine.Logger:Log (UnityEngine.LogType,object)
UnityEngine.Debug:LogError (object)
UnityEditor.EditorAssemblies:ProcessInitializeOnLoadAttributes (System.Type[])

System.NullReferenceException: Object reference not set to an instance of an object
  at Vuforia.EditorClasses.ExtensionTypeProvider.GetVuforiaPackageAbsPath () [0x0004a] in <7c4f3822d44c4a1eb2b550537e3c0500>:0 
  at Vuforia.EditorClasses.ExtensionTypeProvider.IsPackageManager () [0x00000] in <7c4f3822d44c4a1eb2b550537e3c0500>:0 
  at Vuforia.EditorClasses.ExtensionTypeProvider.ResolvePluginType () [0x00009] in <7c4f3822d44c4a1eb2b550537e3c0500>:0 
  at Vuforia.EditorClasses.ExtensionTypeProvider.GetPluginType () [0x0000c] in <7c4f3822d44c4a1eb2b550537e3c0500>:0 
  at Vuforia.EditorClasses.VuforiaUtilities.IsVuforiaEnabledInPlayerSettings () [0x00000] in <7c4f3822d44c4a1eb2b550537e3c0500>:0 
  at Vuforia.EditorClasses.InitializeOnLoadVuforiaTaskRunner..cctor () [0x00015] in <7c4f3822d44c4a1eb2b550537e3c0500>:0 
UnityEngine.StackTraceUtility:ExtractStackTrace ()
UnityEngine.DebugLogHandler:LogFormat (UnityEngine.LogType,UnityEngine.Object,string,object[])
UnityEngine.Logger:Log (UnityEngine.LogType,object)
UnityEngine.Debug:LogError (object)
UnityEditor.EditorAssemblies:ProcessInitializeOnLoadAttributes (System.Type[])

Mono: successfully reloaded assembly
- Completed reload, in  1.369 seconds
Platform modules already initialized, skipping
Switching build target platform(19) subTarget(0) extendedPlatform(0) -> platform(13) subTarget(589824) extendedPlatform(0)
Refreshing native plugins compatible for Editor in 0.73 ms, found 5 plugins.
Preloading 2 native plugins for Editor in 0.09 ms.
Unloading 1475 Unused Serialized files (Serialized files now loaded: 0)
System memory in use before: 74.3 MB.
System memory in use after: 74.4 MB.

Unloading 42 unused Assets to reduce memory usage. Loaded Objects now: 2240.
Total: 2.305300 ms (FindLiveObjects: 0.205800 ms CreateObjectMapping: 0.060500 ms MarkObjects: 1.931400 ms  DeleteObjects: 0.106000 ms)

AssetImportParameters requested are different than current active one (requested -> active):
  custom:framework-win-MediaFoundation: 216162199b28c13a410421893ffa2e32 -> 
  custom:video-decoder-ogg-theora: a1e56fd34408186e4bbccfd4996cb3dc -> 
  custom:container-muxer-webm: aa71ff27fc2769a1b78a27578f13a17b -> 
  custom:container-demuxer-webm: 4f35f7cbe854078d1ac9338744f61a02 -> 
  custom:container-demuxer-ogg: 62fdf1f143b41e24485cea50d1cbac27 -> 
  custom:video-encoder-webm-vp8: eb34c28f22e8b96e1ab97ce403110664 -> 
  custom:video-decoder-webm-vp8: 9c59270c3fd7afecdb556c50c9e8de78 -> 
  custom:graphics/normal-map-encoding: 01000000000000000000000000000000 -> 02000000000000000000000000000000
  custom:audio-decoder-ogg-vorbis: bf7c407c2cedff20999df2af8eb42d56 -> 
  custom:audio-encoder-webm-vorbis: bf7c407c2cedff20999df2af8eb42d56 -> 
========================================================================
Received Import Request.
  Time since last request: 474.495849 seconds.
  path: Assets/qr_imga.jpg
  artifactKey: Guid(f75a13db03898be4b9eb33b1bf95e565) Importer(815301076,1909f56bfc062723c751e8b465ee728b)
Start importing Assets/qr_imga.jpg using Guid(f75a13db03898be4b9eb33b1bf95e565) Importer(815301076,1909f56bfc062723c751e8b465ee728b)  -> (artifact id: '0201f1bd8f6ebf0188e0771749bc4066') in 0.093737 seconds 
  Import took 0.096968 seconds .

========================================================================
Received Import Request.
  Time since last request: 0.652198 seconds.
  path: Assets
  artifactKey: Guid(00000000000000001000000000000000) Importer(815301076,1909f56bfc062723c751e8b465ee728b)
Start importing Assets using Guid(00000000000000001000000000000000) Importer(815301076,1909f56bfc062723c751e8b465ee728b)  -> (artifact id: '42d402b061de3733987d63b9cc3b64de') in 0.008707 seconds 
  Import took 0.011514 seconds .

========================================================================
Received Import Request.
  Time since last request: 0.009290 seconds.
  path: Assets
  artifactKey: Guid(00000000000000001000000000000000) Importer(815301076,1909f56bfc062723c751e8b465ee728b)
Start importing Assets using Guid(00000000000000001000000000000000) Importer(815301076,1909f56bfc062723c751e8b465ee728b)  -> (artifact id: '42d402b061de3733987d63b9cc3b64de') in 0.004811 seconds 
  Import took 0.007566 seconds .

========================================================================
Received Import Request.
  Time since last request: 7.958661 seconds.
  path: Assets/Animaciones
  artifactKey: Guid(554871099f5f25d44a2549212de5ae12) Importer(815301076,1909f56bfc062723c751e8b465ee728b)
Start importing Assets/Animaciones using Guid(554871099f5f25d44a2549212de5ae12) Importer(815301076,1909f56bfc062723c751e8b465ee728b)  -> (artifact id: '211760638617caa30be130a7f09f7b93') in 0.011906 seconds 
  Import took 0.014901 seconds .

========================================================================
Received Import Request.
  Time since last request: 0.032905 seconds.
  path: Assets/Animaciones
  artifactKey: Guid(554871099f5f25d44a2549212de5ae12) Importer(815301076,1909f56bfc062723c751e8b465ee728b)
Start importing Assets/Animaciones using Guid(554871099f5f25d44a2549212de5ae12) Importer(815301076,1909f56bfc062723c751e8b465ee728b)  -> (artifact id: '211760638617caa30be130a7f09f7b93') in 0.004782 seconds 
  Import took 0.008249 seconds .

========================================================================
Received Import Request.
  Time since last request: 30.413250 seconds.
  path: Assets/Animaciones/New Animation.anim
  artifactKey: Guid(286d7a63663481f4cb789ce5062794d3) Importer(815301076,1909f56bfc062723c751e8b465ee728b)
Start importing Assets/Animaciones/New Animation.anim using Guid(286d7a63663481f4cb789ce5062794d3) Importer(815301076,1909f56bfc062723c751e8b465ee728b)  -> (artifact id: 'c2106e2288e70a6dbd3edbf08fdf2196') in 0.022020 seconds 
  Import took 0.025195 seconds .

========================================================================
Received Import Request.
  Time since last request: 0.005366 seconds.
  path: Assets/Animaciones/New Animation.anim
  artifactKey: Guid(286d7a63663481f4cb789ce5062794d3) Importer(815301076,1909f56bfc062723c751e8b465ee728b)
Start importing Assets/Animaciones/New Animation.anim using Guid(286d7a63663481f4cb789ce5062794d3) Importer(815301076,1909f56bfc062723c751e8b465ee728b)  -> (artifact id: 'c2106e2288e70a6dbd3edbf08fdf2196') in 0.004592 seconds 
  Import took 0.007911 seconds .

========================================================================
Received Import Request.
  Time since last request: 165.736917 seconds.
  path: Assets/Animaciones/Canvas.controller
  artifactKey: Guid(ca8e0315f966ab2459ac3a24f1cfa760) Importer(815301076,1909f56bfc062723c751e8b465ee728b)
Start importing Assets/Animaciones/Canvas.controller using Guid(ca8e0315f966ab2459ac3a24f1cfa760) Importer(815301076,1909f56bfc062723c751e8b465ee728b)  -> (artifact id: '8b27110d7316997420aeba995e43748d') in 0.014821 seconds 
  Import took 0.018083 seconds .

========================================================================
Received Import Request.
  Time since last request: 0.000702 seconds.
  path: Assets/Animaciones/Canvas.controller
  artifactKey: Guid(ca8e0315f966ab2459ac3a24f1cfa760) Importer(815301076,1909f56bfc062723c751e8b465ee728b)
Start importing Assets/Animaciones/Canvas.controller using Guid(ca8e0315f966ab2459ac3a24f1cfa760) Importer(815301076,1909f56bfc062723c751e8b465ee728b)  -> (artifact id: '8b27110d7316997420aeba995e43748d') in 0.006085 seconds 
  Import took 0.009444 seconds .

========================================================================
Received Import Request.
  Time since last request: 6.415705 seconds.
  path: Assets/Animaciones/aniamcionbotonesdos.anim
  artifactKey: Guid(2fdb49f43ec1433438c644650466db89) Importer(815301076,1909f56bfc062723c751e8b465ee728b)
Start importing Assets/Animaciones/aniamcionbotonesdos.anim using Guid(2fdb49f43ec1433438c644650466db89) Importer(815301076,1909f56bfc062723c751e8b465ee728b)  -> (artifact id: 'c3c5ff5b8e74a7216972714453905ce7') in 0.009362 seconds 
  Import took 0.012903 seconds .

========================================================================
Received Import Request.
  Time since last request: 0.007060 seconds.
  path: Assets/Animaciones/aniamcionbotonesdos.anim
  artifactKey: Guid(2fdb49f43ec1433438c644650466db89) Importer(815301076,1909f56bfc062723c751e8b465ee728b)
Start importing Assets/Animaciones/aniamcionbotonesdos.anim using Guid(2fdb49f43ec1433438c644650466db89) Importer(815301076,1909f56bfc062723c751e8b465ee728b)  -> (artifact id: 'c3c5ff5b8e74a7216972714453905ce7') in 0.003809 seconds 
  Import took 0.006743 seconds .

========================================================================
Received Import Request.
  Time since last request: 2.641569 seconds.
  path: Assets/Animaciones/AnimacionBoton.anim
  artifactKey: Guid(c8272b29f51fb9941be4360e6808a8b7) Importer(815301076,1909f56bfc062723c751e8b465ee728b)
Start importing Assets/Animaciones/AnimacionBoton.anim using Guid(c8272b29f51fb9941be4360e6808a8b7) Importer(815301076,1909f56bfc062723c751e8b465ee728b)  -> (artifact id: '00ec2b16f164af5f3c900f178bbd1c67') in 0.011368 seconds 
  Import took 0.014452 seconds .

========================================================================
Received Import Request.
  Time since last request: 0.007769 seconds.
  path: Assets/Animaciones/AnimacionBoton.anim
  artifactKey: Guid(c8272b29f51fb9941be4360e6808a8b7) Importer(815301076,1909f56bfc062723c751e8b465ee728b)
Start importing Assets/Animaciones/AnimacionBoton.anim using Guid(c8272b29f51fb9941be4360e6808a8b7) Importer(815301076,1909f56bfc062723c751e8b465ee728b)  -> (artifact id: '00ec2b16f164af5f3c900f178bbd1c67') in 0.009222 seconds 
  Import took 0.012721 seconds .

========================================================================
Received Import Request.
  Time since last request: 220.642940 seconds.
  path: Assets/Animaciones/New Animation2.anim
  artifactKey: Guid(3fd0fde83b5620e4f8cb7e7d3bb689b3) Importer(815301076,1909f56bfc062723c751e8b465ee728b)
Start importing Assets/Animaciones/New Animation2.anim using Guid(3fd0fde83b5620e4f8cb7e7d3bb689b3) Importer(815301076,1909f56bfc062723c751e8b465ee728b)  -> (artifact id: '636636c03a1c00bbf2fe17255ff335ce') in 0.009312 seconds 
  Import took 0.012059 seconds .

========================================================================
Received Import Request.
  Time since last request: 0.013869 seconds.
  path: Assets/Animaciones/New Animation2.anim
  artifactKey: Guid(3fd0fde83b5620e4f8cb7e7d3bb689b3) Importer(815301076,1909f56bfc062723c751e8b465ee728b)
Start importing Assets/Animaciones/New Animation2.anim using Guid(3fd0fde83b5620e4f8cb7e7d3bb689b3) Importer(815301076,1909f56bfc062723c751e8b465ee728b)  -> (artifact id: '636636c03a1c00bbf2fe17255ff335ce') in 0.004161 seconds 
  Import took 0.007342 seconds .

========================================================================
Received Prepare
Registering precompiled user dll's ...
Registered in 0.009696 seconds.
Begin MonoManager ReloadAssembly
Native extension for WindowsStandalone target not found
Refreshing native plugins compatible for Editor in 0.61 ms, found 5 plugins.
Preloading 2 native plugins for Editor in 0.09 ms.
System.NullReferenceException: Object reference not set to an instance of an object
  at Vuforia.EditorClasses.ExtensionTypeProvider.GetVuforiaPackageAbsPath () [0x0004a] in <7c4f3822d44c4a1eb2b550537e3c0500>:0 
  at Vuforia.EditorClasses.ExtensionTypeProvider.IsPackageManager () [0x00000] in <7c4f3822d44c4a1eb2b550537e3c0500>:0 
  at Vuforia.EditorClasses.ExtensionTypeProvider.ResolvePluginType () [0x00009] in <7c4f3822d44c4a1eb2b550537e3c0500>:0 
  at Vuforia.EditorClasses.ExtensionTypeProvider.GetPluginType () [0x0000c] in <7c4f3822d44c4a1eb2b550537e3c0500>:0 
  at Vuforia.EditorClasses.VuforiaUtilities.IsVuforiaEnabledInPlayerSettings () [0x00000] in <7c4f3822d44c4a1eb2b550537e3c0500>:0 
  at VuforiaEnabledObserver..cctor () [0x00000] in <7c4f3822d44c4a1eb2b550537e3c0500>:0 
UnityEngine.StackTraceUtility:ExtractStackTrace ()
UnityEngine.DebugLogHandler:LogFormat (UnityEngine.LogType,UnityEngine.Object,string,object[])
UnityEngine.Logger:Log (UnityEngine.LogType,object)
UnityEngine.Debug:LogError (object)
UnityEditor.EditorAssemblies:ProcessInitializeOnLoadAttributes (System.Type[])

System.NullReferenceException: Object reference not set to an instance of an object
  at Vuforia.EditorClasses.ExtensionTypeProvider.GetVuforiaPackageAbsPath () [0x0004a] in <7c4f3822d44c4a1eb2b550537e3c0500>:0 
  at Vuforia.EditorClasses.ExtensionTypeProvider.IsPackageManager () [0x00000] in <7c4f3822d44c4a1eb2b550537e3c0500>:0 
  at Vuforia.EditorClasses.ExtensionTypeProvider.ResolvePluginType () [0x00009] in <7c4f3822d44c4a1eb2b550537e3c0500>:0 
  at Vuforia.EditorClasses.ExtensionTypeProvider.GetPluginType () [0x0000c] in <7c4f3822d44c4a1eb2b550537e3c0500>:0 
  at Vuforia.EditorClasses.VuforiaUtilities.IsVuforiaEnabledInPlayerSettings () [0x00000] in <7c4f3822d44c4a1eb2b550537e3c0500>:0 
  at Vuforia.EditorClasses.InitializeOnLoadVuforiaTaskRunner..cctor () [0x00015] in <7c4f3822d44c4a1eb2b550537e3c0500>:0 
UnityEngine.StackTraceUtility:ExtractStackTrace ()
UnityEngine.DebugLogHandler:LogFormat (UnityEngine.LogType,UnityEngine.Object,string,object[])
UnityEngine.Logger:Log (UnityEngine.LogType,object)
UnityEngine.Debug:LogError (object)
UnityEditor.EditorAssemblies:ProcessInitializeOnLoadAttributes (System.Type[])

Mono: successfully reloaded assembly
- Completed reload, in  1.289 seconds
Platform modules already initialized, skipping
Switching build target platform(19) subTarget(0) extendedPlatform(0) -> platform(13) subTarget(589824) extendedPlatform(0)
Refreshing native plugins compatible for Editor in 0.62 ms, found 5 plugins.
Preloading 2 native plugins for Editor in 0.08 ms.
Unloading 1475 Unused Serialized files (Serialized files now loaded: 0)
System memory in use before: 74.4 MB.
System memory in use after: 74.5 MB.

Unloading 42 unused Assets to reduce memory usage. Loaded Objects now: 2246.
Total: 2.774500 ms (FindLiveObjects: 0.245800 ms CreateObjectMapping: 0.046400 ms MarkObjects: 2.408600 ms  DeleteObjects: 0.072100 ms)

AssetImportParameters requested are different than current active one (requested -> active):
  custom:framework-win-MediaFoundation: 216162199b28c13a410421893ffa2e32 -> 
  custom:video-decoder-ogg-theora: a1e56fd34408186e4bbccfd4996cb3dc -> 
  custom:container-muxer-webm: aa71ff27fc2769a1b78a27578f13a17b -> 
  custom:container-demuxer-webm: 4f35f7cbe854078d1ac9338744f61a02 -> 
  custom:container-demuxer-ogg: 62fdf1f143b41e24485cea50d1cbac27 -> 
  custom:video-encoder-webm-vp8: eb34c28f22e8b96e1ab97ce403110664 -> 
  custom:video-decoder-webm-vp8: 9c59270c3fd7afecdb556c50c9e8de78 -> 
  custom:graphics/normal-map-encoding: 01000000000000000000000000000000 -> 02000000000000000000000000000000
  custom:audio-decoder-ogg-vorbis: bf7c407c2cedff20999df2af8eb42d56 -> 
  custom:audio-encoder-webm-vorbis: bf7c407c2cedff20999df2af8eb42d56 -> 
========================================================================
Received Prepare
Registering precompiled user dll's ...
Registered in 0.008660 seconds.
Begin MonoManager ReloadAssembly
Native extension for WindowsStandalone target not found
Refreshing native plugins compatible for Editor in 0.61 ms, found 5 plugins.
Preloading 2 native plugins for Editor in 0.09 ms.
System.NullReferenceException: Object reference not set to an instance of an object
  at Vuforia.EditorClasses.ExtensionTypeProvider.GetVuforiaPackageAbsPath () [0x0004a] in <7c4f3822d44c4a1eb2b550537e3c0500>:0 
  at Vuforia.EditorClasses.ExtensionTypeProvider.IsPackageManager () [0x00000] in <7c4f3822d44c4a1eb2b550537e3c0500>:0 
  at Vuforia.EditorClasses.ExtensionTypeProvider.ResolvePluginType () [0x00009] in <7c4f3822d44c4a1eb2b550537e3c0500>:0 
  at Vuforia.EditorClasses.ExtensionTypeProvider.GetPluginType () [0x0000c] in <7c4f3822d44c4a1eb2b550537e3c0500>:0 
  at Vuforia.EditorClasses.VuforiaUtilities.IsVuforiaEnabledInPlayerSettings () [0x00000] in <7c4f3822d44c4a1eb2b550537e3c0500>:0 
  at VuforiaEnabledObserver..cctor () [0x00000] in <7c4f3822d44c4a1eb2b550537e3c0500>:0 
UnityEngine.StackTraceUtility:ExtractStackTrace ()
UnityEngine.DebugLogHandler:LogFormat (UnityEngine.LogType,UnityEngine.Object,string,object[])
UnityEngine.Logger:Log (UnityEngine.LogType,object)
UnityEngine.Debug:LogError (object)
UnityEditor.EditorAssemblies:ProcessInitializeOnLoadAttributes (System.Type[])

System.NullReferenceException: Object reference not set to an instance of an object
  at Vuforia.EditorClasses.ExtensionTypeProvider.GetVuforiaPackageAbsPath () [0x0004a] in <7c4f3822d44c4a1eb2b550537e3c0500>:0 
  at Vuforia.EditorClasses.ExtensionTypeProvider.IsPackageManager () [0x00000] in <7c4f3822d44c4a1eb2b550537e3c0500>:0 
  at Vuforia.EditorClasses.ExtensionTypeProvider.ResolvePluginType () [0x00009] in <7c4f3822d44c4a1eb2b550537e3c0500>:0 
  at Vuforia.EditorClasses.ExtensionTypeProvider.GetPluginType () [0x0000c] in <7c4f3822d44c4a1eb2b550537e3c0500>:0 
  at Vuforia.EditorClasses.VuforiaUtilities.IsVuforiaEnabledInPlayerSettings () [0x00000] in <7c4f3822d44c4a1eb2b550537e3c0500>:0 
  at Vuforia.EditorClasses.InitializeOnLoadVuforiaTaskRunner..cctor () [0x00015] in <7c4f3822d44c4a1eb2b550537e3c0500>:0 
UnityEngine.StackTraceUtility:ExtractStackTrace ()
UnityEngine.DebugLogHandler:LogFormat (UnityEngine.LogType,UnityEngine.Object,string,object[])
UnityEngine.Logger:Log (UnityEngine.LogType,object)
UnityEngine.Debug:LogError (object)
UnityEditor.EditorAssemblies:ProcessInitializeOnLoadAttributes (System.Type[])

Mono: successfully reloaded assembly
- Completed reload, in  1.323 seconds
Platform modules already initialized, skipping
Switching build target platform(19) subTarget(0) extendedPlatform(0) -> platform(13) subTarget(589824) extendedPlatform(0)
Refreshing native plugins compatible for Editor in 0.64 ms, found 5 plugins.
Preloading 2 native plugins for Editor in 0.08 ms.
Unloading 1475 Unused Serialized files (Serialized files now loaded: 0)
System memory in use before: 74.4 MB.
System memory in use after: 74.5 MB.

Unloading 42 unused Assets to reduce memory usage. Loaded Objects now: 2249.
Total: 3.078600 ms (FindLiveObjects: 0.250100 ms CreateObjectMapping: 0.043700 ms MarkObjects: 2.708800 ms  DeleteObjects: 0.074500 ms)

AssetImportParameters requested are different than current active one (requested -> active):
  custom:framework-win-MediaFoundation: 216162199b28c13a410421893ffa2e32 -> 
  custom:video-decoder-ogg-theora: a1e56fd34408186e4bbccfd4996cb3dc -> 
  custom:container-muxer-webm: aa71ff27fc2769a1b78a27578f13a17b -> 
  custom:container-demuxer-webm: 4f35f7cbe854078d1ac9338744f61a02 -> 
  custom:container-demuxer-ogg: 62fdf1f143b41e24485cea50d1cbac27 -> 
  custom:video-encoder-webm-vp8: eb34c28f22e8b96e1ab97ce403110664 -> 
  custom:video-decoder-webm-vp8: 9c59270c3fd7afecdb556c50c9e8de78 -> 
  custom:graphics/normal-map-encoding: 01000000000000000000000000000000 -> 02000000000000000000000000000000
  custom:audio-decoder-ogg-vorbis: bf7c407c2cedff20999df2af8eb42d56 -> 
  custom:audio-encoder-webm-vorbis: bf7c407c2cedff20999df2af8eb42d56 -> 
========================================================================
Received Import Request.
  Time since last request: 774.669735 seconds.
  path: Assets/Resources/VuforiaConfiguration.asset
  artifactKey: Guid(e118ae72bc19d2942b24b9be5f46e28a) Importer(815301076,1909f56bfc062723c751e8b465ee728b)
Start importing Assets/Resources/VuforiaConfiguration.asset using Guid(e118ae72bc19d2942b24b9be5f46e28a) Importer(815301076,1909f56bfc062723c751e8b465ee728b)  -> (artifact id: 'f85b19f6f4991e96981e3ac707bd616a') in 0.027201 seconds 
  Import took 0.030494 seconds .

========================================================================
Received Import Request.
  Time since last request: 1.695177 seconds.
  path: Assets/AUTOS/STRATOS/ESTRATON.mat
  artifactKey: Guid(3b9025976e6b8bf44adac0fc1102f18b) Importer(815301076,1909f56bfc062723c751e8b465ee728b)
Start importing Assets/AUTOS/STRATOS/ESTRATON.mat using Guid(3b9025976e6b8bf44adac0fc1102f18b) Importer(815301076,1909f56bfc062723c751e8b465ee728b)  -> (artifact id: '86e51ccc7a2bcc8a5634e81b228b9244') in 0.108151 seconds 
  Import took 0.111176 seconds .

========================================================================
Received Import Request.
  Time since last request: 0.000211 seconds.
  path: Assets/AUTOS/STRATOS/stratos_basecolor.png
  artifactKey: Guid(bb92c2ba6a642c043a3f1fc17c2513de) Importer(815301076,1909f56bfc062723c751e8b465ee728b)
Start importing Assets/AUTOS/STRATOS/stratos_basecolor.png using Guid(bb92c2ba6a642c043a3f1fc17c2513de) Importer(815301076,1909f56bfc062723c751e8b465ee728b)  -> (artifact id: 'f172a39b9ccb69851443b8e57af5d784') in 0.117242 seconds 
  Import took 0.120177 seconds .

========================================================================
Received Import Request.
  Time since last request: 0.000420 seconds.
  path: Assets/AUTOS/STRATOS/STRATOS_ONGAME.blend
  artifactKey: Guid(131bc4487cf76f94eba29e01a96c4bba) Importer(815301076,1909f56bfc062723c751e8b465ee728b)
Start importing Assets/AUTOS/STRATOS/STRATOS_ONGAME.blend using Guid(131bc4487cf76f94eba29e01a96c4bba) Importer(815301076,1909f56bfc062723c751e8b465ee728b)  -> (artifact id: '00327d52097a0eeda4325bd6162cdbe8') in 0.171926 seconds 
  Import took 0.176128 seconds .

========================================================================
Received Import Request.
  Time since last request: 11.474745 seconds.
  path: Assets/BotonPaleta.png
  artifactKey: Guid(f2220f5a77958be4d8a1f2a484878e21) Importer(815301076,1909f56bfc062723c751e8b465ee728b)
Start importing Assets/BotonPaleta.png using Guid(f2220f5a77958be4d8a1f2a484878e21) Importer(815301076,1909f56bfc062723c751e8b465ee728b)  -> (artifact id: 'a0a9ac8a7b35773ca31cf6c0a331dfd3') in 0.025689 seconds 
  Import took 0.032150 seconds .

========================================================================
Received Import Request.
  Time since last request: 42.718535 seconds.
  path: Assets/BotonPaleta.png
  artifactKey: Guid(f2220f5a77958be4d8a1f2a484878e21) Importer(815301076,1909f56bfc062723c751e8b465ee728b)
Start importing Assets/BotonPaleta.png using Guid(f2220f5a77958be4d8a1f2a484878e21) Importer(815301076,1909f56bfc062723c751e8b465ee728b)  -> (artifact id: '8eb90e68db268276aa94c3e9cda178de') in 0.078601 seconds 
  Import took 0.082029 seconds .

========================================================================
Received Import Request.
  Time since last request: 0.008413 seconds.
  path: Assets/BotonPaleta.png
  artifactKey: Guid(f2220f5a77958be4d8a1f2a484878e21) Importer(815301076,1909f56bfc062723c751e8b465ee728b)
Start importing Assets/BotonPaleta.png using Guid(f2220f5a77958be4d8a1f2a484878e21) Importer(815301076,1909f56bfc062723c751e8b465ee728b)  -> (artifact id: '8eb90e68db268276aa94c3e9cda178de') in 0.071569 seconds 
  Import took 0.074884 seconds .

========================================================================
Received Import Request.
  Time since last request: 41.987541 seconds.
  path: Assets/New Material.mat
  artifactKey: Guid(48d169ddf48b4c949b35ac98dce2a175) Importer(815301076,1909f56bfc062723c751e8b465ee728b)
Start importing Assets/New Material.mat using Guid(48d169ddf48b4c949b35ac98dce2a175) Importer(815301076,1909f56bfc062723c751e8b465ee728b)  -> (artifact id: '85aea1bd63e7279645fc952ef6848937') in 0.022640 seconds 
  Import took 0.026601 seconds .

========================================================================
Received Prepare
Registering precompiled user dll's ...
Registered in 0.009401 seconds.
Begin MonoManager ReloadAssembly
Native extension for WindowsStandalone target not found
Refreshing native plugins compatible for Editor in 0.67 ms, found 5 plugins.
Preloading 2 native plugins for Editor in 0.14 ms.
System.NullReferenceException: Object reference not set to an instance of an object
  at Vuforia.EditorClasses.ExtensionTypeProvider.GetVuforiaPackageAbsPath () [0x0004a] in <7c4f3822d44c4a1eb2b550537e3c0500>:0 
  at Vuforia.EditorClasses.ExtensionTypeProvider.IsPackageManager () [0x00000] in <7c4f3822d44c4a1eb2b550537e3c0500>:0 
  at Vuforia.EditorClasses.ExtensionTypeProvider.ResolvePluginType () [0x00009] in <7c4f3822d44c4a1eb2b550537e3c0500>:0 
  at Vuforia.EditorClasses.ExtensionTypeProvider.GetPluginType () [0x0000c] in <7c4f3822d44c4a1eb2b550537e3c0500>:0 
  at Vuforia.EditorClasses.VuforiaUtilities.IsVuforiaEnabledInPlayerSettings () [0x00000] in <7c4f3822d44c4a1eb2b550537e3c0500>:0 
  at VuforiaEnabledObserver..cctor () [0x00000] in <7c4f3822d44c4a1eb2b550537e3c0500>:0 
UnityEngine.StackTraceUtility:ExtractStackTrace ()
UnityEngine.DebugLogHandler:LogFormat (UnityEngine.LogType,UnityEngine.Object,string,object[])
UnityEngine.Logger:Log (UnityEngine.LogType,object)
UnityEngine.Debug:LogError (object)
UnityEditor.EditorAssemblies:ProcessInitializeOnLoadAttributes (System.Type[])

System.NullReferenceException: Object reference not set to an instance of an object
  at Vuforia.EditorClasses.ExtensionTypeProvider.GetVuforiaPackageAbsPath () [0x0004a] in <7c4f3822d44c4a1eb2b550537e3c0500>:0 
  at Vuforia.EditorClasses.ExtensionTypeProvider.IsPackageManager () [0x00000] in <7c4f3822d44c4a1eb2b550537e3c0500>:0 
  at Vuforia.EditorClasses.ExtensionTypeProvider.ResolvePluginType () [0x00009] in <7c4f3822d44c4a1eb2b550537e3c0500>:0 
  at Vuforia.EditorClasses.ExtensionTypeProvider.GetPluginType () [0x0000c] in <7c4f3822d44c4a1eb2b550537e3c0500>:0 
  at Vuforia.EditorClasses.VuforiaUtilities.IsVuforiaEnabledInPlayerSettings () [0x00000] in <7c4f3822d44c4a1eb2b550537e3c0500>:0 
  at Vuforia.EditorClasses.InitializeOnLoadVuforiaTaskRunner..cctor () [0x00015] in <7c4f3822d44c4a1eb2b550537e3c0500>:0 
UnityEngine.StackTraceUtility:ExtractStackTrace ()
UnityEngine.DebugLogHandler:LogFormat (UnityEngine.LogType,UnityEngine.Object,string,object[])
UnityEngine.Logger:Log (UnityEngine.LogType,object)
UnityEngine.Debug:LogError (object)
UnityEditor.EditorAssemblies:ProcessInitializeOnLoadAttributes (System.Type[])

Mono: successfully reloaded assembly
- Completed reload, in  1.275 seconds
Platform modules already initialized, skipping
Switching build target platform(19) subTarget(0) extendedPlatform(0) -> platform(13) subTarget(589824) extendedPlatform(0)
Refreshing native plugins compatible for Editor in 0.60 ms, found 5 plugins.
Preloading 2 native plugins for Editor in 0.07 ms.
Unloading 1475 Unused Serialized files (Serialized files now loaded: 0)
System memory in use before: 74.5 MB.
System memory in use after: 74.5 MB.

Unloading 42 unused Assets to reduce memory usage. Loaded Objects now: 2255.
Total: 2.311100 ms (FindLiveObjects: 0.224600 ms CreateObjectMapping: 0.042000 ms MarkObjects: 1.968100 ms  DeleteObjects: 0.075400 ms)

AssetImportParameters requested are different than current active one (requested -> active):
  custom:framework-win-MediaFoundation: 216162199b28c13a410421893ffa2e32 -> 
  custom:video-decoder-ogg-theora: a1e56fd34408186e4bbccfd4996cb3dc -> 
  custom:container-muxer-webm: aa71ff27fc2769a1b78a27578f13a17b -> 
  custom:container-demuxer-webm: 4f35f7cbe854078d1ac9338744f61a02 -> 
  custom:container-demuxer-ogg: 62fdf1f143b41e24485cea50d1cbac27 -> 
  custom:video-encoder-webm-vp8: eb34c28f22e8b96e1ab97ce403110664 -> 
  custom:video-decoder-webm-vp8: 9c59270c3fd7afecdb556c50c9e8de78 -> 
  custom:graphics/normal-map-encoding: 01000000000000000000000000000000 -> 02000000000000000000000000000000
  custom:audio-decoder-ogg-vorbis: bf7c407c2cedff20999df2af8eb42d56 -> 
  custom:audio-encoder-webm-vorbis: bf7c407c2cedff20999df2af8eb42d56 -> 
========================================================================
Received Prepare
Registering precompiled user dll's ...
Registered in 0.008917 seconds.
Begin MonoManager ReloadAssembly
Native extension for WindowsStandalone target not found
Refreshing native plugins compatible for Editor in 0.67 ms, found 5 plugins.
Preloading 2 native plugins for Editor in 0.09 ms.
System.NullReferenceException: Object reference not set to an instance of an object
  at Vuforia.EditorClasses.ExtensionTypeProvider.GetVuforiaPackageAbsPath () [0x0004a] in <7c4f3822d44c4a1eb2b550537e3c0500>:0 
  at Vuforia.EditorClasses.ExtensionTypeProvider.IsPackageManager () [0x00000] in <7c4f3822d44c4a1eb2b550537e3c0500>:0 
  at Vuforia.EditorClasses.ExtensionTypeProvider.ResolvePluginType () [0x00009] in <7c4f3822d44c4a1eb2b550537e3c0500>:0 
  at Vuforia.EditorClasses.ExtensionTypeProvider.GetPluginType () [0x0000c] in <7c4f3822d44c4a1eb2b550537e3c0500>:0 
  at Vuforia.EditorClasses.VuforiaUtilities.IsVuforiaEnabledInPlayerSettings () [0x00000] in <7c4f3822d44c4a1eb2b550537e3c0500>:0 
  at VuforiaEnabledObserver..cctor () [0x00000] in <7c4f3822d44c4a1eb2b550537e3c0500>:0 
UnityEngine.StackTraceUtility:ExtractStackTrace ()
UnityEngine.DebugLogHandler:LogFormat (UnityEngine.LogType,UnityEngine.Object,string,object[])
UnityEngine.Logger:Log (UnityEngine.LogType,object)
UnityEngine.Debug:LogError (object)
UnityEditor.EditorAssemblies:ProcessInitializeOnLoadAttributes (System.Type[])

System.NullReferenceException: Object reference not set to an instance of an object
  at Vuforia.EditorClasses.ExtensionTypeProvider.GetVuforiaPackageAbsPath () [0x0004a] in <7c4f3822d44c4a1eb2b550537e3c0500>:0 
  at Vuforia.EditorClasses.ExtensionTypeProvider.IsPackageManager () [0x00000] in <7c4f3822d44c4a1eb2b550537e3c0500>:0 
  at Vuforia.EditorClasses.ExtensionTypeProvider.ResolvePluginType () [0x00009] in <7c4f3822d44c4a1eb2b550537e3c0500>:0 
  at Vuforia.EditorClasses.ExtensionTypeProvider.GetPluginType () [0x0000c] in <7c4f3822d44c4a1eb2b550537e3c0500>:0 
  at Vuforia.EditorClasses.VuforiaUtilities.IsVuforiaEnabledInPlayerSettings () [0x00000] in <7c4f3822d44c4a1eb2b550537e3c0500>:0 
  at Vuforia.EditorClasses.InitializeOnLoadVuforiaTaskRunner..cctor () [0x00015] in <7c4f3822d44c4a1eb2b550537e3c0500>:0 
UnityEngine.StackTraceUtility:ExtractStackTrace ()
UnityEngine.DebugLogHandler:LogFormat (UnityEngine.LogType,UnityEngine.Object,string,object[])
UnityEngine.Logger:Log (UnityEngine.LogType,object)
UnityEngine.Debug:LogError (object)
UnityEditor.EditorAssemblies:ProcessInitializeOnLoadAttributes (System.Type[])

Mono: successfully reloaded assembly
- Completed reload, in  1.311 seconds
Platform modules already initialized, skipping
Switching build target platform(19) subTarget(0) extendedPlatform(0) -> platform(13) subTarget(589824) extendedPlatform(0)
Refreshing native plugins compatible for Editor in 0.60 ms, found 5 plugins.
Preloading 2 native plugins for Editor in 0.07 ms.
Unloading 1475 Unused Serialized files (Serialized files now loaded: 0)
System memory in use before: 74.5 MB.
System memory in use after: 74.6 MB.

Unloading 42 unused Assets to reduce memory usage. Loaded Objects now: 2258.
Total: 2.169600 ms (FindLiveObjects: 0.203900 ms CreateObjectMapping: 0.041000 ms MarkObjects: 1.853300 ms  DeleteObjects: 0.070200 ms)

AssetImportParameters requested are different than current active one (requested -> active):
  custom:framework-win-MediaFoundation: 216162199b28c13a410421893ffa2e32 -> 
  custom:video-decoder-ogg-theora: a1e56fd34408186e4bbccfd4996cb3dc -> 
  custom:container-muxer-webm: aa71ff27fc2769a1b78a27578f13a17b -> 
  custom:container-demuxer-webm: 4f35f7cbe854078d1ac9338744f61a02 -> 
  custom:container-demuxer-ogg: 62fdf1f143b41e24485cea50d1cbac27 -> 
  custom:video-encoder-webm-vp8: eb34c28f22e8b96e1ab97ce403110664 -> 
  custom:video-decoder-webm-vp8: 9c59270c3fd7afecdb556c50c9e8de78 -> 
  custom:graphics/normal-map-encoding: 01000000000000000000000000000000 -> 02000000000000000000000000000000
  custom:audio-decoder-ogg-vorbis: bf7c407c2cedff20999df2af8eb42d56 -> 
  custom:audio-encoder-webm-vorbis: bf7c407c2cedff20999df2af8eb42d56 -> 
========================================================================
Received Prepare
Refreshing native plugins compatible for Editor in 10.33 ms, found 5 plugins.
Preloading 2 native plugins for Editor in 0.07 ms.
Unloading 40 Unused Serialized files (Serialized files now loaded: 0)
System memory in use before: 46.2 MB.
System memory in use after: 46.3 MB.

Unloading 40 unused Assets to reduce memory usage. Loaded Objects now: 2258.
Total: 2.396100 ms (FindLiveObjects: 0.203300 ms CreateObjectMapping: 0.040300 ms MarkObjects: 2.077000 ms  DeleteObjects: 0.074100 ms)

AssetImportParameters requested are different than current active one (requested -> active):
  custom:framework-win-MediaFoundation: 216162199b28c13a410421893ffa2e32 -> 
  custom:video-decoder-ogg-theora: a1e56fd34408186e4bbccfd4996cb3dc -> 
  custom:container-muxer-webm: aa71ff27fc2769a1b78a27578f13a17b -> 
  custom:container-demuxer-webm: 4f35f7cbe854078d1ac9338744f61a02 -> 
  custom:container-demuxer-ogg: 62fdf1f143b41e24485cea50d1cbac27 -> 
  custom:video-encoder-webm-vp8: eb34c28f22e8b96e1ab97ce403110664 -> 
  custom:video-decoder-webm-vp8: 9c59270c3fd7afecdb556c50c9e8de78 -> 
  custom:audio-decoder-ogg-vorbis: bf7c407c2cedff20999df2af8eb42d56 -> 
  custom:audio-encoder-webm-vorbis: bf7c407c2cedff20999df2af8eb42d56 -> 
========================================================================
Received Prepare
Refreshing native plugins compatible for Editor in 10.48 ms, found 5 plugins.
Preloading 2 native plugins for Editor in 0.07 ms.
Unloading 40 Unused Serialized files (Serialized files now loaded: 0)
System memory in use before: 46.2 MB.
System memory in use after: 46.3 MB.

Unloading 40 unused Assets to reduce memory usage. Loaded Objects now: 2258.
Total: 7.747600 ms (FindLiveObjects: 0.520600 ms CreateObjectMapping: 0.134200 ms MarkObjects: 7.003700 ms  DeleteObjects: 0.087300 ms)

AssetImportParameters requested are different than current active one (requested -> active):
  custom:framework-win-MediaFoundation: 216162199b28c13a410421893ffa2e32 -> 
  custom:video-decoder-ogg-theora: a1e56fd34408186e4bbccfd4996cb3dc -> 
  custom:container-muxer-webm: aa71ff27fc2769a1b78a27578f13a17b -> 
  custom:container-demuxer-webm: 4f35f7cbe854078d1ac9338744f61a02 -> 
  custom:container-demuxer-ogg: 62fdf1f143b41e24485cea50d1cbac27 -> 
  custom:video-encoder-webm-vp8: eb34c28f22e8b96e1ab97ce403110664 -> 
  custom:video-decoder-webm-vp8: 9c59270c3fd7afecdb556c50c9e8de78 -> 
  custom:audio-decoder-ogg-vorbis: bf7c407c2cedff20999df2af8eb42d56 -> 
  custom:audio-encoder-webm-vorbis: bf7c407c2cedff20999df2af8eb42d56 -> 
AssetImportWorkerClient::OnTransportError - code=2 error=End of file
