Base path: 'C:/Program Files/Unity/Hub/Editor/2020.3.13f1/Editor/Data', plugins path 'C:/Program Files/Unity/Hub/Editor/2020.3.13f1/Editor/Data/PlaybackEngines'
Cmd: initializeCompiler

Cmd: compileComputeKernel
  insize=7361 file=C:/Users/otaro/OneDrive/Documentos/Repositorios/SuperTrack2/SuperTrackX1.0/Library/PackageCache/com.unity.render-pipelines.high-definition@10.5.1/Runtime/Lighting/ScreenSpaceLighting/GTAO.compute kernel=GTAOMain cachingPP=1 ppOnly=0 stripLineD=0 buildPlatform=19 km=<UNITY_VERSION=202039> pKW=UNITY_ENABLE_REFLECTION_BUFFERS UNITY_USE_DITHER_MASK_FOR_ALPHABLENDED_SHADOWS UNITY_PBS_USE_BRDF1 UNITY_SPECCUBE_BOX_PROJECTION UNITY_SPECCUBE_BLENDING UNITY_ENABLE_DETAIL_NORMALMAP SHADER_API_DESKTOP UNITY_LIGHT_PROBE_PROXY_VOLUME UNITY_LIGHTMAP_FULL_HDR uKW=FULL_RES SHADER_STAGE_COMPUTE platform=d3d11 flags=0 ok=1 outsize=7591

Cmd: compileComputeKernel
  insize=1637 file=C:/Users/otaro/OneDrive/Documentos/Repositorios/SuperTrack2/SuperTrackX1.0/Library/PackageCache/com.unity.render-pipelines.high-definition@10.5.1/Runtime/PostProcessing/Shaders/DepthOfFieldPreCombineFar.compute kernel=KMainPreCombineFar cachingPP=1 ppOnly=0 stripLineD=0 buildPlatform=19 km=<UNITY_VERSION=202039> pKW=UNITY_ENABLE_REFLECTION_BUFFERS UNITY_USE_DITHER_MASK_FOR_ALPHABLENDED_SHADOWS UNITY_PBS_USE_BRDF1 UNITY_SPECCUBE_BOX_PROJECTION UNITY_SPECCUBE_BLENDING UNITY_ENABLE_DETAIL_NORMALMAP SHADER_API_DESKTOP UNITY_LIGHT_PROBE_PROXY_VOLUME UNITY_LIGHTMAP_FULL_HDR uKW=SHADER_STAGE_COMPUTE platform=d3d11 flags=0 ok=1 outsize=898

Cmd: compileComputeKernel
  insize=8927 file=C:/Users/otaro/OneDrive/Documentos/Repositorios/SuperTrack2/SuperTrackX1.0/Library/PackageCache/com.unity.render-pipelines.high-definition@10.5.1/Runtime/PostProcessing/Shaders/UberPost.compute kernel=Uber cachingPP=1 ppOnly=0 stripLineD=0 buildPlatform=19 km=<UNITY_VERSION=202039> pKW=UNITY_ENABLE_REFLECTION_BUFFERS UNITY_USE_DITHER_MASK_FOR_ALPHABLENDED_SHADOWS UNITY_PBS_USE_BRDF1 UNITY_SPECCUBE_BOX_PROJECTION UNITY_SPECCUBE_BLENDING UNITY_ENABLE_DETAIL_NORMALMAP SHADER_API_DESKTOP UNITY_LIGHT_PROBE_PROXY_VOLUME UNITY_LIGHTMAP_FULL_HDR uKW=VIGNETTE SHADER_STAGE_COMPUTE platform=d3d11 flags=0 ok=1 outsize=5223

Cmd: compileComputeKernel
  insize=8927 file=C:/Users/otaro/OneDrive/Documentos/Repositorios/SuperTrack2/SuperTrackX1.0/Library/PackageCache/com.unity.render-pipelines.high-definition@10.5.1/Runtime/PostProcessing/Shaders/UberPost.compute kernel=Uber cachingPP=1 ppOnly=0 stripLineD=0 buildPlatform=19 km=<UNITY_VERSION=202039> pKW=UNITY_ENABLE_REFLECTION_BUFFERS UNITY_USE_DITHER_MASK_FOR_ALPHABLENDED_SHADOWS UNITY_PBS_USE_BRDF1 UNITY_SPECCUBE_BOX_PROJECTION UNITY_SPECCUBE_BLENDING UNITY_ENABLE_DETAIL_NORMALMAP SHADER_API_DESKTOP UNITY_LIGHT_PROBE_PROXY_VOLUME UNITY_LIGHTMAP_FULL_HDR uKW=CHROMATIC_ABERRATION ENABLE_ALPHA LENS_DISTORTION SHADER_STAGE_COMPUTE platform=d3d11 flags=0 ok=1 outsize=7762

Cmd: compileComputeKernel
  insize=8927 file=C:/Users/otaro/OneDrive/Documentos/Repositorios/SuperTrack2/SuperTrackX1.0/Library/PackageCache/com.unity.render-pipelines.high-definition@10.5.1/Runtime/PostProcessing/Shaders/UberPost.compute kernel=Uber cachingPP=1 ppOnly=0 stripLineD=0 buildPlatform=19 km=<UNITY_VERSION=202039> pKW=UNITY_ENABLE_REFLECTION_BUFFERS UNITY_USE_DITHER_MASK_FOR_ALPHABLENDED_SHADOWS UNITY_PBS_USE_BRDF1 UNITY_SPECCUBE_BOX_PROJECTION UNITY_SPECCUBE_BLENDING UNITY_ENABLE_DETAIL_NORMALMAP SHADER_API_DESKTOP UNITY_LIGHT_PROBE_PROXY_VOLUME UNITY_LIGHTMAP_FULL_HDR uKW=LENS_DISTORTION SHADER_STAGE_COMPUTE platform=d3d11 flags=0 ok=1 outsize=5332

Cmd: compileComputeKernel
  insize=8927 file=C:/Users/otaro/OneDrive/Documentos/Repositorios/SuperTrack2/SuperTrackX1.0/Library/PackageCache/com.unity.render-pipelines.high-definition@10.5.1/Runtime/PostProcessing/Shaders/UberPost.compute kernel=Uber cachingPP=1 ppOnly=0 stripLineD=0 buildPlatform=19 km=<UNITY_VERSION=202039> pKW=UNITY_ENABLE_REFLECTION_BUFFERS UNITY_USE_DITHER_MASK_FOR_ALPHABLENDED_SHADOWS UNITY_PBS_USE_BRDF1 UNITY_SPECCUBE_BOX_PROJECTION UNITY_SPECCUBE_BLENDING UNITY_ENABLE_DETAIL_NORMALMAP SHADER_API_DESKTOP UNITY_LIGHT_PROBE_PROXY_VOLUME UNITY_LIGHTMAP_FULL_HDR uKW=CHROMATIC_ABERRATION ENABLE_ALPHA LENS_DISTORTION VIGNETTE SHADER_STAGE_COMPUTE platform=d3d11 flags=0 ok=1 outsize=8877

Cmd: compileComputeKernel
  insize=8927 file=C:/Users/otaro/OneDrive/Documentos/Repositorios/SuperTrack2/SuperTrackX1.0/Library/PackageCache/com.unity.render-pipelines.high-definition@10.5.1/Runtime/PostProcessing/Shaders/UberPost.compute kernel=Uber cachingPP=1 ppOnly=0 stripLineD=0 buildPlatform=19 km=<UNITY_VERSION=202039> pKW=UNITY_ENABLE_REFLECTION_BUFFERS UNITY_USE_DITHER_MASK_FOR_ALPHABLENDED_SHADOWS UNITY_PBS_USE_BRDF1 UNITY_SPECCUBE_BOX_PROJECTION UNITY_SPECCUBE_BLENDING UNITY_ENABLE_DETAIL_NORMALMAP SHADER_API_DESKTOP UNITY_LIGHT_PROBE_PROXY_VOLUME UNITY_LIGHTMAP_FULL_HDR uKW=ENABLE_ALPHA SHADER_STAGE_COMPUTE platform=d3d11 flags=0 ok=1 outsize=4291

Cmd: compileComputeKernel
  insize=39136 file=C:/Users/otaro/OneDrive/Documentos/Repositorios/SuperTrack2/SuperTrackX1.0/Library/PackageCache/com.unity.render-pipelines.high-definition@10.5.1/Runtime/Lighting/VolumetricLighting/VolumetricLighting.compute kernel=VolumetricLighting cachingPP=1 ppOnly=0 stripLineD=0 buildPlatform=19 km=<UNITY_VERSION=202039> pKW=UNITY_ENABLE_REFLECTION_BUFFERS UNITY_USE_DITHER_MASK_FOR_ALPHABLENDED_SHADOWS UNITY_PBS_USE_BRDF1 UNITY_SPECCUBE_BOX_PROJECTION UNITY_SPECCUBE_BLENDING UNITY_ENABLE_DETAIL_NORMALMAP SHADER_API_DESKTOP UNITY_LIGHT_PROBE_PROXY_VOLUME UNITY_LIGHTMAP_FULL_HDR uKW=ENABLE_REPROJECTION SHADER_STAGE_COMPUTE platform=d3d11 flags=0 ok=1 outsize=19713

Cmd: compileComputeKernel
  insize=39136 file=C:/Users/otaro/OneDrive/Documentos/Repositorios/SuperTrack2/SuperTrackX1.0/Library/PackageCache/com.unity.render-pipelines.high-definition@10.5.1/Runtime/Lighting/VolumetricLighting/VolumetricLighting.compute kernel=VolumetricLighting cachingPP=1 ppOnly=0 stripLineD=0 buildPlatform=19 km=<UNITY_VERSION=202039> pKW=UNITY_ENABLE_REFLECTION_BUFFERS UNITY_USE_DITHER_MASK_FOR_ALPHABLENDED_SHADOWS UNITY_PBS_USE_BRDF1 UNITY_SPECCUBE_BOX_PROJECTION UNITY_SPECCUBE_BLENDING UNITY_ENABLE_DETAIL_NORMALMAP SHADER_API_DESKTOP UNITY_LIGHT_PROBE_PROXY_VOLUME UNITY_LIGHTMAP_FULL_HDR uKW=ENABLE_ANISOTROPY VL_PRESET_OPTIMAL SHADER_STAGE_COMPUTE platform=d3d11 flags=0 ok=1 outsize=16392

Cmd: compileComputeKernel
  insize=39136 file=C:/Users/otaro/OneDrive/Documentos/Repositorios/SuperTrack2/SuperTrackX1.0/Library/PackageCache/com.unity.render-pipelines.high-definition@10.5.1/Runtime/Lighting/VolumetricLighting/VolumetricLighting.compute kernel=VolumetricLighting cachingPP=1 ppOnly=0 stripLineD=0 buildPlatform=19 km=<UNITY_VERSION=202039> pKW=UNITY_ENABLE_REFLECTION_BUFFERS UNITY_USE_DITHER_MASK_FOR_ALPHABLENDED_SHADOWS UNITY_PBS_USE_BRDF1 UNITY_SPECCUBE_BOX_PROJECTION UNITY_SPECCUBE_BLENDING UNITY_ENABLE_DETAIL_NORMALMAP SHADER_API_DESKTOP UNITY_LIGHT_PROBE_PROXY_VOLUME UNITY_LIGHTMAP_FULL_HDR uKW=LIGHTLOOP_DISABLE_TILE_AND_CLUSTER VL_PRESET_OPTIMAL SHADER_STAGE_COMPUTE platform=d3d11 flags=0 ok=1 outsize=16041

Cmd: shutdown

Quitting shader compiler process
