Base path: 'C:/Program Files/Unity/Hub/Editor/2020.3.13f1/Editor/Data', plugins path 'C:/Program Files/Unity/Hub/Editor/2020.3.13f1/Editor/Data/PlaybackEngines'
Cmd: initializeCompiler

Cmd: compileComputeKernel
  insize=7361 file=C:/Users/otaro/OneDrive/Documentos/Repositorios/SuperTrack2/SuperTrackX1.0/Library/PackageCache/com.unity.render-pipelines.high-definition@10.5.1/Runtime/Lighting/ScreenSpaceLighting/GTAO.compute kernel=GTAOMain cachingPP=1 ppOnly=0 stripLineD=0 buildPlatform=19 km=<UNITY_VERSION=202039> pKW=UNITY_ENABLE_REFLECTION_BUFFERS UNITY_USE_DITHER_MASK_FOR_ALPHABLENDED_SHADOWS UNITY_PBS_USE_BRDF1 UNITY_SPECCUBE_BOX_PROJECTION UNITY_SPECCUBE_BLENDING UNITY_ENABLE_DETAIL_NORMALMAP SHADER_API_DESKTOP UNITY_LIGHT_PROBE_PROXY_VOLUME UNITY_LIGHTMAP_FULL_HDR uKW=HALF_RES SHADER_STAGE_COMPUTE platform=d3d11 flags=0 ok=1 outsize=8215

Cmd: compileComputeKernel
  insize=3633 file=C:/Users/otaro/OneDrive/Documentos/Repositorios/SuperTrack2/SuperTrackX1.0/Library/PackageCache/com.unity.render-pipelines.high-definition@10.5.1/Runtime/Lighting/LightLoop/materialflags.compute kernel=MaterialFlagsGen cachingPP=1 ppOnly=0 stripLineD=0 buildPlatform=19 km=<UNITY_VERSION=202039> pKW=UNITY_ENABLE_REFLECTION_BUFFERS UNITY_USE_DITHER_MASK_FOR_ALPHABLENDED_SHADOWS UNITY_PBS_USE_BRDF1 UNITY_SPECCUBE_BOX_PROJECTION UNITY_SPECCUBE_BLENDING UNITY_ENABLE_DETAIL_NORMALMAP SHADER_API_DESKTOP UNITY_LIGHT_PROBE_PROXY_VOLUME UNITY_LIGHTMAP_FULL_HDR uKW=USE_OR SHADER_STAGE_COMPUTE platform=d3d11 flags=0 ok=1 outsize=4182

Cmd: compileComputeKernel
  insize=8927 file=C:/Users/otaro/OneDrive/Documentos/Repositorios/SuperTrack2/SuperTrackX1.0/Library/PackageCache/com.unity.render-pipelines.high-definition@10.5.1/Runtime/PostProcessing/Shaders/UberPost.compute kernel=Uber cachingPP=1 ppOnly=0 stripLineD=0 buildPlatform=19 km=<UNITY_VERSION=202039> pKW=UNITY_ENABLE_REFLECTION_BUFFERS UNITY_USE_DITHER_MASK_FOR_ALPHABLENDED_SHADOWS UNITY_PBS_USE_BRDF1 UNITY_SPECCUBE_BOX_PROJECTION UNITY_SPECCUBE_BLENDING UNITY_ENABLE_DETAIL_NORMALMAP SHADER_API_DESKTOP UNITY_LIGHT_PROBE_PROXY_VOLUME UNITY_LIGHTMAP_FULL_HDR uKW=CHROMATIC_ABERRATION SHADER_STAGE_COMPUTE platform=d3d11 flags=0 ok=1 outsize=5071

Cmd: compileComputeKernel
  insize=8927 file=C:/Users/otaro/OneDrive/Documentos/Repositorios/SuperTrack2/SuperTrackX1.0/Library/PackageCache/com.unity.render-pipelines.high-definition@10.5.1/Runtime/PostProcessing/Shaders/UberPost.compute kernel=Uber cachingPP=1 ppOnly=0 stripLineD=0 buildPlatform=19 km=<UNITY_VERSION=202039> pKW=UNITY_ENABLE_REFLECTION_BUFFERS UNITY_USE_DITHER_MASK_FOR_ALPHABLENDED_SHADOWS UNITY_PBS_USE_BRDF1 UNITY_SPECCUBE_BOX_PROJECTION UNITY_SPECCUBE_BLENDING UNITY_ENABLE_DETAIL_NORMALMAP SHADER_API_DESKTOP UNITY_LIGHT_PROBE_PROXY_VOLUME UNITY_LIGHTMAP_FULL_HDR uKW=ENABLE_ALPHA LENS_DISTORTION SHADER_STAGE_COMPUTE platform=d3d11 flags=0 ok=1 outsize=5527

Cmd: compileComputeKernel
  insize=8927 file=C:/Users/otaro/OneDrive/Documentos/Repositorios/SuperTrack2/SuperTrackX1.0/Library/PackageCache/com.unity.render-pipelines.high-definition@10.5.1/Runtime/PostProcessing/Shaders/UberPost.compute kernel=Uber cachingPP=1 ppOnly=0 stripLineD=0 buildPlatform=19 km=<UNITY_VERSION=202039> pKW=UNITY_ENABLE_REFLECTION_BUFFERS UNITY_USE_DITHER_MASK_FOR_ALPHABLENDED_SHADOWS UNITY_PBS_USE_BRDF1 UNITY_SPECCUBE_BOX_PROJECTION UNITY_SPECCUBE_BLENDING UNITY_ENABLE_DETAIL_NORMALMAP SHADER_API_DESKTOP UNITY_LIGHT_PROBE_PROXY_VOLUME UNITY_LIGHTMAP_FULL_HDR uKW=CHROMATIC_ABERRATION VIGNETTE SHADER_STAGE_COMPUTE platform=d3d11 flags=0 ok=1 outsize=6198

Cmd: compileComputeKernel
  insize=8927 file=C:/Users/otaro/OneDrive/Documentos/Repositorios/SuperTrack2/SuperTrackX1.0/Library/PackageCache/com.unity.render-pipelines.high-definition@10.5.1/Runtime/PostProcessing/Shaders/UberPost.compute kernel=Uber cachingPP=1 ppOnly=0 stripLineD=0 buildPlatform=19 km=<UNITY_VERSION=202039> pKW=UNITY_ENABLE_REFLECTION_BUFFERS UNITY_USE_DITHER_MASK_FOR_ALPHABLENDED_SHADOWS UNITY_PBS_USE_BRDF1 UNITY_SPECCUBE_BOX_PROJECTION UNITY_SPECCUBE_BLENDING UNITY_ENABLE_DETAIL_NORMALMAP SHADER_API_DESKTOP UNITY_LIGHT_PROBE_PROXY_VOLUME UNITY_LIGHTMAP_FULL_HDR uKW=CHROMATIC_ABERRATION LENS_DISTORTION SHADER_STAGE_COMPUTE platform=d3d11 flags=0 ok=1 outsize=7479

Cmd: compileComputeKernel
  insize=3461 file=C:/Users/otaro/OneDrive/Documentos/Repositorios/SuperTrack2/SuperTrackX1.0/Library/PackageCache/com.unity.render-pipelines.high-definition@10.5.1/Runtime/PostProcessing/Shaders/MotionBlurGenTilePass.compute kernel=TileGenPass cachingPP=1 ppOnly=0 stripLineD=0 buildPlatform=19 km=<GEN_PASS=1>,<UNITY_VERSION=202039> pKW=UNITY_ENABLE_REFLECTION_BUFFERS UNITY_USE_DITHER_MASK_FOR_ALPHABLENDED_SHADOWS UNITY_PBS_USE_BRDF1 UNITY_SPECCUBE_BOX_PROJECTION UNITY_SPECCUBE_BLENDING UNITY_ENABLE_DETAIL_NORMALMAP SHADER_API_DESKTOP UNITY_LIGHT_PROBE_PROXY_VOLUME UNITY_LIGHTMAP_FULL_HDR uKW=SHADER_STAGE_COMPUTE platform=d3d11 flags=0 ok=1 outsize=4058

Cmd: compileComputeKernel
  insize=39136 file=C:/Users/otaro/OneDrive/Documentos/Repositorios/SuperTrack2/SuperTrackX1.0/Library/PackageCache/com.unity.render-pipelines.high-definition@10.5.1/Runtime/Lighting/VolumetricLighting/VolumetricLighting.compute kernel=VolumetricLighting cachingPP=1 ppOnly=0 stripLineD=0 buildPlatform=19 km=<UNITY_VERSION=202039> pKW=UNITY_ENABLE_REFLECTION_BUFFERS UNITY_USE_DITHER_MASK_FOR_ALPHABLENDED_SHADOWS UNITY_PBS_USE_BRDF1 UNITY_SPECCUBE_BOX_PROJECTION UNITY_SPECCUBE_BLENDING UNITY_ENABLE_DETAIL_NORMALMAP SHADER_API_DESKTOP UNITY_LIGHT_PROBE_PROXY_VOLUME UNITY_LIGHTMAP_FULL_HDR uKW=ENABLE_ANISOTROPY ENABLE_REPROJECTION LIGHTLOOP_DISABLE_TILE_AND_CLUSTER SUPPORT_LOCAL_LIGHTS VL_PRESET_OPTIMAL SHADER_STAGE_COMPUTE platform=d3d11 flags=0 ok=1 outsize=47684

Cmd: compileComputeKernel
  insize=39136 file=C:/Users/otaro/OneDrive/Documentos/Repositorios/SuperTrack2/SuperTrackX1.0/Library/PackageCache/com.unity.render-pipelines.high-definition@10.5.1/Runtime/Lighting/VolumetricLighting/VolumetricLighting.compute kernel=VolumetricLighting cachingPP=1 ppOnly=0 stripLineD=0 buildPlatform=19 km=<UNITY_VERSION=202039> pKW=UNITY_ENABLE_REFLECTION_BUFFERS UNITY_USE_DITHER_MASK_FOR_ALPHABLENDED_SHADOWS UNITY_PBS_USE_BRDF1 UNITY_SPECCUBE_BOX_PROJECTION UNITY_SPECCUBE_BLENDING UNITY_ENABLE_DETAIL_NORMALMAP SHADER_API_DESKTOP UNITY_LIGHT_PROBE_PROXY_VOLUME UNITY_LIGHTMAP_FULL_HDR uKW=ENABLE_ANISOTROPY ENABLE_REPROJECTION LIGHTLOOP_DISABLE_TILE_AND_CLUSTER SUPPORT_LOCAL_LIGHTS SHADER_STAGE_COMPUTE platform=d3d11 flags=0 ok=1 outsize=47684

Cmd: shutdown

Quitting shader compiler process
